<?xml version="1.0" encoding="UTF-8"?>
<TestRun id="9e19b0db-db1d-4a81-95f9-7055e8c6d22f" name="balladb@LONMW86693 2011-09-14 15:59:41" runUser="FM\balladb" xmlns="http://microsoft.com/schemas/VisualStudio/TeamTest/2010">
  <TestSettings name="Default Test Settings" id="6eb29065-2062-4e82-991c-9737a5e66b8d">
    <Deployment runDeploymentRoot="balladb_LONMW86693 2011-09-14 15_59_41">
      <DeploymentItem filename="C:\gitWorkspace\01.Dev\Output\.NET\Debug\ConnectPlus.CRM.DataAccess.dll" />
      <DeploymentItem filename="C:\gitWorkspace\01.Dev\Output\.NET\Debug\ConnectPlus.ClientContact.Domain.dll" />
      <DeploymentItem filename="C:\gitWorkspace\01.Dev\Libs\.NET\NServiceBus\NServiceBus.Core.dll" />
      <DeploymentItem filename="C:\gitWorkspace\01.Dev\Output\.NET\Debug\ConnectPlus.CRM.Domain.dll" />
      <DeploymentItem filename="C:\gitWorkspace\01.Dev\Libs\.NET\Castle\Castle.Windsor.dll" />
      <DeploymentItem filename="C:\gitWorkspace\01.Dev\Libs\.NET\Castle\Castle.Core.dll" />
      <DeploymentItem filename="C:\gitWorkspace\01.Dev\Libs\.NET\AutoMapper.dll" />
      <DeploymentItem filename="C:\gitWorkspace\01.Dev\Output\.NET\Debug\ConnectPlus.ClientContact.Contact.Services.Tests.dll" />
      <DeploymentItem filename="C:\gitWorkspace\01.Dev\Libs\.NET\Nhibernate\FluentNHibernate.dll" />
      <DeploymentItem filename="C:\gitWorkspace\01.Dev\Libs\.NET\Nhibernate\NHibernate.dll" />
      <DeploymentItem filename="C:\gitWorkspace\01.Dev\Libs\.NET\Nhibernate\NHibernate.ByteCode.Castle.dll" />
      <DeploymentItem filename="C:\gitWorkspace\01.Dev\Output\.NET\Debug\ConnectPlus.ClientContact.Messaging.Contracts.dll" />
      <DeploymentItem filename="C:\gitWorkspace\01.Dev\Output\.NET\Debug\ConnectPlus.CRM.Services.dll" />
      <DeploymentItem filename="C:\gitWorkspace\01.Dev\Output\.NET\Debug\ConnectPlus.ClientContact.Messaging.Contracts.Tests.dll" />
      <DeploymentItem filename="C:\gitWorkspace\01.Dev\Libs\.NET\NServiceBus\NServiceBus.dll" />
      <DeploymentItem filename="C:\gitWorkspace\01.Dev\Libs\.NET\Nhibernate\Antlr3.Runtime.dll" />
      <DeploymentItem filename="C:\gitWorkspace\01.Dev\Libs\.NET\Photon\Photon.CoreLib.dll" />
      <DeploymentItem filename="C:\gitWorkspace\01.Dev\Output\.NET\Debug\ConnectPlus.ClientContact.Domain.Tests.dll" />
      <DeploymentItem filename="C:\gitWorkspace\01.Dev\Libs\.NET\Moq.dll" />
      <DeploymentItem filename="C:\gitWorkspace\01.Dev\Libs\.NET\Nhibernate\Iesi.Collections.dll" />
      <DeploymentItem filename="C:\gitWorkspace\01.Dev\Output\.NET\Debug\ConnectPlus.ClientContact.Contact.Services.dll" />
      <DeploymentItem filename="C:\gitWorkspace\01.Dev\Libs\.NET\Microsoft.Practices.ServiceLocation.dll" />
      <DeploymentItem filename="C:\gitWorkspace\01.Dev\Source\Server\ConnectPlus.ClientContact.SDM.Services\bin\Debug\ConnectPlus.ClientContact.SDM.Services.dll" />
      <DeploymentItem filename="C:\gitWorkspace\01.Dev\Libs\.NET\Rhino.Mocks.dll" />
      <DeploymentItem filename="C:\gitWorkspace\01.Dev\Output\.NET\Debug\ConnectPlus.ClientContact.DataAccess.dll" />
    </Deployment>
    <Execution>
      <TestTypeSpecific />
      <AgentRule name="Execution Agents">
      </AgentRule>
    </Execution>
  </TestSettings>
  <Times creation="2011-09-14T15:59:41.3990475+01:00" queuing="2011-09-14T15:59:46.2585780+01:00" start="2011-09-14T15:59:46.3523310+01:00" finish="2011-09-14T16:00:24.9629415+01:00" />
  <ResultSummary outcome="Completed">
    <Counters total="351" executed="351" passed="351" error="0" failed="0" timeout="0" aborted="0" inconclusive="0" passedButRunAborted="0" notRunnable="0" notExecuted="0" disconnected="0" warning="0" completed="0" inProgress="0" pending="0" />
  </ResultSummary>
  <TestDefinitions>
    <UnitTest name="When_Search_Matches_LastName_Should_Find" storage="c:\gitworkspace\01.dev\output\.net\debug\connectplus.crm.dataaccess.tests.dll" id="e7d8442c-9bf4-00cb-4194-3608604b4641">
      <Execution id="339acd4a-00e8-459e-bdde-c3e1ec981c97" />
      <TestMethod codeBase="C:/gitWorkspace/01.Dev/Output/.NET/Debug/ConnectPlus.CRM.DataAccess.Tests.DLL" adapterTypeName="Microsoft.VisualStudio.TestTools.TestTypes.Unit.UnitTestAdapter, Microsoft.VisualStudio.QualityTools.Tips.UnitTest.Adapter, Version=10.0.0.0, Culture=neutral, PublicKeyToken=b03f5f7f11d50a3a" className="ConnectPlus.CRM.DataAccess.Tests.Repositories.ContactRepositoryTests, ConnectPlus.CRM.DataAccess.Tests, Version=1.0.0.0, Culture=neutral, PublicKeyToken=null" name="When_Search_Matches_LastName_Should_Find" />
    </UnitTest>
    <UnitTest name="Normalises_with_multiple_TLD" storage="c:\gitworkspace\01.dev\output\.net\debug\connectplus.clientcontact.contact.services.tests.dll" id="9963af05-4a0e-ccea-1f30-ddf79f637d89">
      <Execution id="e8182d73-7bfc-4e49-94bf-6fdbc5a36a69" />
      <TestMethod codeBase="C:/gitWorkspace/01.Dev/Output/.NET/Debug/ConnectPlus.ClientContact.Contact.Services.Tests.DLL" adapterTypeName="Microsoft.VisualStudio.TestTools.TestTypes.Unit.UnitTestAdapter, Microsoft.VisualStudio.QualityTools.Tips.UnitTest.Adapter, Version=10.0.0.0, Culture=neutral, PublicKeyToken=b03f5f7f11d50a3a" className="ConnectPlus.ClientContact.Contact.Services.Tests.Queries.NormalisedEmailAddressTests, ConnectPlus.ClientContact.Contact.Services.Tests, Version=1.0.0.0, Culture=neutral, PublicKeyToken=null" name="Normalises_with_multiple_TLD" />
    </UnitTest>
    <UnitTest name="Can_map_sdmClient_with_tiering_values" storage="c:\gitworkspace\01.dev\output\.net\debug\connectplus.clientcontact.dataaccess.tests.dll" id="2ea6d052-a61d-531e-4940-c928a0f4d537">
      <Execution id="d69761d1-d07a-4a86-84be-bb68073d7713" />
      <TestMethod codeBase="C:/gitWorkspace/01.Dev/Output/.NET/Debug/ConnectPlus.ClientContact.DataAccess.Tests.DLL" adapterTypeName="Microsoft.VisualStudio.TestTools.TestTypes.Unit.UnitTestAdapter, Microsoft.VisualStudio.QualityTools.Tips.UnitTest.Adapter, Version=10.0.0.0, Culture=neutral, PublicKeyToken=b03f5f7f11d50a3a" className="ConnectPlus.ClientContact.DataAccess.Tests.Mapping.ClientMappingTests, ConnectPlus.ClientContact.DataAccess.Tests, Version=1.0.0.0, Culture=neutral, PublicKeyToken=null" name="Can_map_sdmClient_with_tiering_values" />
    </UnitTest>
    <UnitTest name="Can_map_tier_value" storage="c:\gitworkspace\01.dev\output\.net\debug\connectplus.clientcontact.dataaccess.tests.dll" id="174cb279-1f1b-dce7-2ad3-7c38d2e25544">
      <Execution id="c0270bed-c9bc-496f-9d0c-652dd320ed13" />
      <TestMethod codeBase="C:/gitWorkspace/01.Dev/Output/.NET/Debug/ConnectPlus.ClientContact.DataAccess.Tests.DLL" adapterTypeName="Microsoft.VisualStudio.TestTools.TestTypes.Unit.UnitTestAdapter, Microsoft.VisualStudio.QualityTools.Tips.UnitTest.Adapter, Version=10.0.0.0, Culture=neutral, PublicKeyToken=b03f5f7f11d50a3a" className="ConnectPlus.ClientContact.DataAccess.Tests.Mapping.ClientMappingTests, ConnectPlus.ClientContact.DataAccess.Tests, Version=1.0.0.0, Culture=neutral, PublicKeyToken=null" name="Can_map_tier_value" />
    </UnitTest>
    <UnitTest name="CanCorrectlyMapUserLogin" storage="c:\gitworkspace\01.dev\output\.net\debug\connectplus.crm.dataaccess.tests.dll" id="cfb15dca-147e-de41-9f19-cd2177098c8b">
      <Execution id="ad41d32e-628a-471a-9839-cb2008dd0d70" />
      <TestMethod codeBase="C:/gitWorkspace/01.Dev/Output/.NET/Debug/ConnectPlus.CRM.DataAccess.Tests.DLL" adapterTypeName="Microsoft.VisualStudio.TestTools.TestTypes.Unit.UnitTestAdapter, Microsoft.VisualStudio.QualityTools.Tips.UnitTest.Adapter, Version=10.0.0.0, Culture=neutral, PublicKeyToken=b03f5f7f11d50a3a" className="ConnectPlus.CRM.DataAccess.Tests.ClassMappingTests, ConnectPlus.CRM.DataAccess.Tests, Version=1.0.0.0, Culture=neutral, PublicKeyToken=null" name="CanCorrectlyMapUserLogin" />
    </UnitTest>
    <UnitTest name="Should_require_a_nonempty_description" storage="c:\gitworkspace\01.dev\output\.net\debug\connectplus.clientcontact.domain.tests.dll" id="3b98d3cd-ac0c-e041-e288-09f4f6e0d1f9">
      <TestCategory>
        <TestCategoryItem TestCategory="Unit Test" />
      </TestCategory>
      <Execution id="8f55adff-b6d5-43ff-8aeb-2d8f70adbf92" />
      <TestMethod codeBase="C:/gitWorkspace/01.Dev/Output/.NET/Debug/ConnectPlus.ClientContact.Domain.Tests.DLL" adapterTypeName="Microsoft.VisualStudio.TestTools.TestTypes.Unit.UnitTestAdapter, Microsoft.VisualStudio.QualityTools.Tips.UnitTest.Adapter, Version=10.0.0.0, Culture=neutral, PublicKeyToken=b03f5f7f11d50a3a" className="ConnectPlus.ClientContact.Domain.Tests.Specifications.TierListSpecification+When_changing_the_description, ConnectPlus.ClientContact.Domain.Tests, Version=1.0.0.0, Culture=neutral, PublicKeyToken=null" name="Should_require_a_nonempty_description" />
    </UnitTest>
    <UnitTest name="CanCorrectlyMapAddress" storage="c:\gitworkspace\01.dev\output\.net\debug\connectplus.crm.dataaccess.tests.dll" id="9da17917-8ac8-0e96-0cfc-7587d8733916">
      <Execution id="f09d5a4c-a733-43be-887d-6eeaaa5539b5" />
      <TestMethod codeBase="C:/gitWorkspace/01.Dev/Output/.NET/Debug/ConnectPlus.CRM.DataAccess.Tests.DLL" adapterTypeName="Microsoft.VisualStudio.TestTools.TestTypes.Unit.UnitTestAdapter, Microsoft.VisualStudio.QualityTools.Tips.UnitTest.Adapter, Version=10.0.0.0, Culture=neutral, PublicKeyToken=b03f5f7f11d50a3a" className="ConnectPlus.CRM.DataAccess.Tests.ClassMappingTests, ConnectPlus.CRM.DataAccess.Tests, Version=1.0.0.0, Culture=neutral, PublicKeyToken=null" name="CanCorrectlyMapAddress" />
    </UnitTest>
    <UnitTest name="Contacts_That_Are_Not_Tiered_Have_Untiered_Tiering_Information_Associated_With_Them" storage="c:\gitworkspace\01.dev\output\.net\debug\connectplus.clientcontact.services.tests.dll" id="77612a5b-08a3-32e2-7bdc-79388f53e4ae">
      <Execution id="ddcf1397-b509-4693-98c0-d6b7a71642cb" />
      <TestMethod codeBase="C:/gitWorkspace/01.Dev/Output/.NET/Debug/ConnectPlus.ClientContact.Services.Tests.DLL" adapterTypeName="Microsoft.VisualStudio.TestTools.TestTypes.Unit.UnitTestAdapter, Microsoft.VisualStudio.QualityTools.Tips.UnitTest.Adapter, Version=10.0.0.0, Culture=neutral, PublicKeyToken=b03f5f7f11d50a3a" className="ConnectPlus.ClientContact.Services.Tests.Queries.SearchQueryFixture+When_Searching_By_List, ConnectPlus.ClientContact.Services.Tests, Version=1.0.0.0, Culture=neutral, PublicKeyToken=null" name="Contacts_That_Are_Not_Tiered_Have_Untiered_Tiering_Information_Associated_With_Them" />
    </UnitTest>
    <UnitTest name="Should_require_subsector_id" storage="c:\gitworkspace\01.dev\output\.net\debug\connectplus.clientcontact.messaging.contracts.tests.dll" id="f4bc49ab-31a2-9136-a3c4-4eeebdaa568d">
      <TestCategory>
        <TestCategoryItem TestCategory="Unit Test" />
      </TestCategory>
      <Execution id="404a0540-c460-4c64-a3e6-e60e6b39caaa" />
      <TestMethod codeBase="C:/gitWorkspace/01.Dev/Output/.NET/Debug/ConnectPlus.ClientContact.Messaging.Contracts.Tests.DLL" adapterTypeName="Microsoft.VisualStudio.TestTools.TestTypes.Unit.UnitTestAdapter, Microsoft.VisualStudio.QualityTools.Tips.UnitTest.Adapter, Version=10.0.0.0, Culture=neutral, PublicKeyToken=b03f5f7f11d50a3a" className="ConnectPlus.ClientContact.Messaging.Contracts.Tests.Specifications.SubsectorMessageSpecifications, ConnectPlus.ClientContact.Messaging.Contracts.Tests, Version=1.0.0.0, Culture=neutral, PublicKeyToken=null" name="Should_require_subsector_id" />
    </UnitTest>
    <UnitTest name="Should_pass_validation_when_all_preconditions_are_met" storage="c:\gitworkspace\01.dev\output\.net\debug\connectplus.clientcontact.messaging.contracts.tests.dll" id="014da55e-dcae-d6b8-5384-ce443ce621cf">
      <TestCategory>
        <TestCategoryItem TestCategory="Unit Test" />
      </TestCategory>
      <Execution id="afffa60d-7bee-42e4-b1d4-dd7243fe40d5" />
      <TestMethod codeBase="C:/gitWorkspace/01.Dev/Output/.NET/Debug/ConnectPlus.ClientContact.Messaging.Contracts.Tests.DLL" adapterTypeName="Microsoft.VisualStudio.TestTools.TestTypes.Unit.UnitTestAdapter, Microsoft.VisualStudio.QualityTools.Tips.UnitTest.Adapter, Version=10.0.0.0, Culture=neutral, PublicKeyToken=b03f5f7f11d50a3a" className="ConnectPlus.ClientContact.Messaging.Contracts.Tests.Specifications.TierListMessageSpecifications, ConnectPlus.ClientContact.Messaging.Contracts.Tests, Version=1.0.0.0, Culture=neutral, PublicKeyToken=null" name="Should_pass_validation_when_all_preconditions_are_met" />
    </UnitTest>
    <UnitTest name="Should_throw_invalidoperationexception" storage="c:\gitworkspace\01.dev\output\.net\debug\connectplus.clientcontact.services.tests.dll" id="9413659e-2d18-9778-af38-dbdef1f07605">
      <TestCategory>
        <TestCategoryItem TestCategory="Specification" />
      </TestCategory>
      <Execution id="3650d3a2-4a6a-41f7-b99e-deed0cb22f11" />
      <TestMethod codeBase="C:/gitWorkspace/01.Dev/Output/.NET/Debug/ConnectPlus.ClientContact.Services.Tests.DLL" adapterTypeName="Microsoft.VisualStudio.TestTools.TestTypes.Unit.UnitTestAdapter, Microsoft.VisualStudio.QualityTools.Tips.UnitTest.Adapter, Version=10.0.0.0, Culture=neutral, PublicKeyToken=b03f5f7f11d50a3a" className="ConnectPlus.ClientContact.Services.Tests.Specifications.CommandProcessors.UpsertTierValueCommandProcessorSpecification+When_the_tier_value_exists+When_the_tier_value_has_changed_lists, ConnectPlus.ClientContact.Services.Tests, Version=1.0.0.0, Culture=neutral, PublicKeyToken=null" name="Should_throw_invalidoperationexception" />
    </UnitTest>
    <UnitTest name="Can_create_contact" storage="c:\gitworkspace\01.dev\output\.net\debug\connectplus.clientcontact.integrationtests.dll" id="646a9956-363b-8b33-cc7a-1149220910f0">
      <TestCategory>
        <TestCategoryItem TestCategory="Integration" />
      </TestCategory>
      <Execution id="6b672303-83df-4bbc-806b-700bf0d768b8" />
      <TestMethod codeBase="C:/gitWorkspace/01.Dev/Output/.NET/Debug/ConnectPlus.ClientContact.IntegrationTests.DLL" adapterTypeName="Microsoft.VisualStudio.TestTools.TestTypes.Unit.UnitTestAdapter, Microsoft.VisualStudio.QualityTools.Tips.UnitTest.Adapter, Version=10.0.0.0, Culture=neutral, PublicKeyToken=b03f5f7f11d50a3a" className="ConnectPlus.ClientContact.IntegrationTests.CreateContactTests, ConnectPlus.ClientContact.IntegrationTests, Version=1.0.0.0, Culture=neutral, PublicKeyToken=null" name="Can_create_contact" />
    </UnitTest>
    <UnitTest name="CanCorrectlyMapClient" storage="c:\gitworkspace\01.dev\output\.net\debug\connectplus.crm.dataaccess.tests.dll" id="e9a02397-6a31-9eea-a3d6-e7e9124bad92">
      <Execution id="961b7e41-280a-48e7-b881-cf2b3eb370c7" />
      <TestMethod codeBase="C:/gitWorkspace/01.Dev/Output/.NET/Debug/ConnectPlus.CRM.DataAccess.Tests.DLL" adapterTypeName="Microsoft.VisualStudio.TestTools.TestTypes.Unit.UnitTestAdapter, Microsoft.VisualStudio.QualityTools.Tips.UnitTest.Adapter, Version=10.0.0.0, Culture=neutral, PublicKeyToken=b03f5f7f11d50a3a" className="ConnectPlus.CRM.DataAccess.Tests.ClassMappingTests, ConnectPlus.CRM.DataAccess.Tests, Version=1.0.0.0, Culture=neutral, PublicKeyToken=null" name="CanCorrectlyMapClient" />
    </UnitTest>
    <UnitTest name="Should_set_the_isactive_flag_to_false" storage="c:\gitworkspace\01.dev\output\.net\debug\connectplus.clientcontact.domain.tests.dll" id="84421db4-c56f-3f3b-d998-cfca5ec3e710">
      <TestCategory>
        <TestCategoryItem TestCategory="Specification" />
      </TestCategory>
      <Execution id="4e667408-8933-4b99-b92a-7ee27c962814" />
      <TestMethod codeBase="C:/gitWorkspace/01.Dev/Output/.NET/Debug/ConnectPlus.ClientContact.Domain.Tests.DLL" adapterTypeName="Microsoft.VisualStudio.TestTools.TestTypes.Unit.UnitTestAdapter, Microsoft.VisualStudio.QualityTools.Tips.UnitTest.Adapter, Version=10.0.0.0, Culture=neutral, PublicKeyToken=b03f5f7f11d50a3a" className="ConnectPlus.ClientContact.Domain.Tests.Specifications.TierValueSpecification+When_inactivating, ConnectPlus.ClientContact.Domain.Tests, Version=1.0.0.0, Culture=neutral, PublicKeyToken=null" name="Should_set_the_isactive_flag_to_false" />
    </UnitTest>
    <UnitTest name="It_shouldnt_do_anything" storage="c:\gitworkspace\01.dev\output\.net\debug\connectplus.clientcontact.services.tests.dll" id="e68d165e-c657-7010-7764-de219ee96c63">
      <TestCategory>
        <TestCategoryItem TestCategory="Specification" />
      </TestCategory>
      <Execution id="7bdfc662-618d-4f2b-b104-89d460b131bb" />
      <TestMethod codeBase="C:/gitWorkspace/01.Dev/Output/.NET/Debug/ConnectPlus.ClientContact.Services.Tests.DLL" adapterTypeName="Microsoft.VisualStudio.TestTools.TestTypes.Unit.UnitTestAdapter, Microsoft.VisualStudio.QualityTools.Tips.UnitTest.Adapter, Version=10.0.0.0, Culture=neutral, PublicKeyToken=b03f5f7f11d50a3a" className="ConnectPlus.ClientContact.Services.Tests.Specifications.CommandProcessors.DeleteTierListCommandProcessorSpecification+When_the_tier_list_is_not_found, ConnectPlus.ClientContact.Services.Tests, Version=1.0.0.0, Culture=neutral, PublicKeyToken=null" name="It_shouldnt_do_anything" />
    </UnitTest>
    <UnitTest name="Should_create_an_upsert_command_processor" storage="c:\gitworkspace\01.dev\output\.net\debug\connectplus.clientcontact.services.tests.dll" id="84989b72-39ba-b83a-7af4-d121428d5f9f">
      <TestCategory>
        <TestCategoryItem TestCategory="Unit Test" />
      </TestCategory>
      <Execution id="52b63e01-fa3d-4888-9667-ea20903ec65d" />
      <TestMethod codeBase="C:/gitWorkspace/01.Dev/Output/.NET/Debug/ConnectPlus.ClientContact.Services.Tests.DLL" adapterTypeName="Microsoft.VisualStudio.TestTools.TestTypes.Unit.UnitTestAdapter, Microsoft.VisualStudio.QualityTools.Tips.UnitTest.Adapter, Version=10.0.0.0, Culture=neutral, PublicKeyToken=b03f5f7f11d50a3a" className="ConnectPlus.ClientContact.Services.Tests.Specifications.CommandProcessors.Factories.StatusBasedSector+When_the_status_is_active, ConnectPlus.ClientContact.Services.Tests, Version=1.0.0.0, Culture=neutral, PublicKeyToken=null" name="Should_create_an_upsert_command_processor" />
    </UnitTest>
    <UnitTest name="Should_require_sector_id" storage="c:\gitworkspace\01.dev\output\.net\debug\connectplus.clientcontact.messaging.contracts.tests.dll" id="dd37c2a0-a905-1072-5cdf-0fcc9fa67f5a">
      <TestCategory>
        <TestCategoryItem TestCategory="Unit Test" />
      </TestCategory>
      <Execution id="eddecda2-64a5-4163-8a65-b1401b5fc824" />
      <TestMethod codeBase="C:/gitWorkspace/01.Dev/Output/.NET/Debug/ConnectPlus.ClientContact.Messaging.Contracts.Tests.DLL" adapterTypeName="Microsoft.VisualStudio.TestTools.TestTypes.Unit.UnitTestAdapter, Microsoft.VisualStudio.QualityTools.Tips.UnitTest.Adapter, Version=10.0.0.0, Culture=neutral, PublicKeyToken=b03f5f7f11d50a3a" className="ConnectPlus.ClientContact.Messaging.Contracts.Tests.Specifications.SubsectorMessageSpecifications, ConnectPlus.ClientContact.Messaging.Contracts.Tests, Version=1.0.0.0, Culture=neutral, PublicKeyToken=null" name="Should_require_sector_id" />
    </UnitTest>
    <UnitTest name="When_Search_Matches_FirstName_And_LastName_Should_Find" storage="c:\gitworkspace\01.dev\output\.net\debug\connectplus.crm.dataaccess.tests.dll" id="6f804130-1549-a4cd-65b7-4894bd33a6fe">
      <Execution id="ffce09b2-eca8-42f6-9579-9083b9a2c1ee" />
      <TestMethod codeBase="C:/gitWorkspace/01.Dev/Output/.NET/Debug/ConnectPlus.CRM.DataAccess.Tests.DLL" adapterTypeName="Microsoft.VisualStudio.TestTools.TestTypes.Unit.UnitTestAdapter, Microsoft.VisualStudio.QualityTools.Tips.UnitTest.Adapter, Version=10.0.0.0, Culture=neutral, PublicKeyToken=b03f5f7f11d50a3a" className="ConnectPlus.CRM.DataAccess.Tests.Repositories.ContactRepositoryTests, ConnectPlus.CRM.DataAccess.Tests, Version=1.0.0.0, Culture=neutral, PublicKeyToken=null" name="When_Search_Matches_FirstName_And_LastName_Should_Find" />
    </UnitTest>
    <UnitTest name="CanDeleteEmailAddressFromUser" storage="c:\gitworkspace\01.dev\output\.net\debug\connectplus.crm.dataaccess.tests.dll" id="ec518a28-a95d-f409-aea4-d6c2a53d207a">
      <Execution id="adf67fe7-ced3-492f-8956-bc135b660f0e" />
      <TestMethod codeBase="C:/gitWorkspace/01.Dev/Output/.NET/Debug/ConnectPlus.CRM.DataAccess.Tests.DLL" adapterTypeName="Microsoft.VisualStudio.TestTools.TestTypes.Unit.UnitTestAdapter, Microsoft.VisualStudio.QualityTools.Tips.UnitTest.Adapter, Version=10.0.0.0, Culture=neutral, PublicKeyToken=b03f5f7f11d50a3a" className="ConnectPlus.CRM.DataAccess.Tests.ClassMappingTests, ConnectPlus.CRM.DataAccess.Tests, Version=1.0.0.0, Culture=neutral, PublicKeyToken=null" name="CanDeleteEmailAddressFromUser" />
    </UnitTest>
    <UnitTest name="Should_update_revision" storage="c:\gitworkspace\01.dev\output\.net\debug\connectplus.clientcontact.services.tests.dll" id="b00d1857-b830-c869-fe26-47cfa871406e">
      <TestCategory>
        <TestCategoryItem TestCategory="Unit Test" />
      </TestCategory>
      <Execution id="40ee609c-3e60-4da4-b72d-4c9d45b6c4b4" />
      <TestMethod codeBase="C:/gitWorkspace/01.Dev/Output/.NET/Debug/ConnectPlus.ClientContact.Services.Tests.DLL" adapterTypeName="Microsoft.VisualStudio.TestTools.TestTypes.Unit.UnitTestAdapter, Microsoft.VisualStudio.QualityTools.Tips.UnitTest.Adapter, Version=10.0.0.0, Culture=neutral, PublicKeyToken=b03f5f7f11d50a3a" className="ConnectPlus.ClientContact.Services.Tests.Specifications.CommandProcessors.ClientCommandProcessorSpecification, ConnectPlus.ClientContact.Services.Tests, Version=1.0.0.0, Culture=neutral, PublicKeyToken=null" name="Should_update_revision" />
    </UnitTest>
    <UnitTest name="Should_throw_invalidoperationexception" storage="c:\gitworkspace\01.dev\output\.net\debug\connectplus.clientcontact.services.tests.dll" id="10c94616-a1c4-9a17-6545-b90e5c3bc114">
      <TestCategory>
        <TestCategoryItem TestCategory="Specification" />
      </TestCategory>
      <Execution id="96588736-804f-46f8-a437-2abc9e08a6ef" />
      <TestMethod codeBase="C:/gitWorkspace/01.Dev/Output/.NET/Debug/ConnectPlus.ClientContact.Services.Tests.DLL" adapterTypeName="Microsoft.VisualStudio.TestTools.TestTypes.Unit.UnitTestAdapter, Microsoft.VisualStudio.QualityTools.Tips.UnitTest.Adapter, Version=10.0.0.0, Culture=neutral, PublicKeyToken=b03f5f7f11d50a3a" className="ConnectPlus.ClientContact.Services.Tests.Specifications.CommandProcessors.UpsertTierListCommandProcessorSpecification+When_the_tier_list_exists+When_the_list_has_changed_group, ConnectPlus.ClientContact.Services.Tests, Version=1.0.0.0, Culture=neutral, PublicKeyToken=null" name="Should_throw_invalidoperationexception" />
    </UnitTest>
    <UnitTest name="Should_change_the_description_to_the_given_value" storage="c:\gitworkspace\01.dev\output\.net\debug\connectplus.clientcontact.domain.tests.dll" id="be9b646d-7127-728b-f373-0e122c6c1abd">
      <TestCategory>
        <TestCategoryItem TestCategory="Specification" />
      </TestCategory>
      <Execution id="72f3c8d3-3eba-4c69-a281-06ee38a98800" />
      <TestMethod codeBase="C:/gitWorkspace/01.Dev/Output/.NET/Debug/ConnectPlus.ClientContact.Domain.Tests.DLL" adapterTypeName="Microsoft.VisualStudio.TestTools.TestTypes.Unit.UnitTestAdapter, Microsoft.VisualStudio.QualityTools.Tips.UnitTest.Adapter, Version=10.0.0.0, Culture=neutral, PublicKeyToken=b03f5f7f11d50a3a" className="ConnectPlus.ClientContact.Domain.Tests.Specifications.TierGroupSpecification+When_changing_the_description, ConnectPlus.ClientContact.Domain.Tests, Version=1.0.0.0, Culture=neutral, PublicKeyToken=null" name="Should_change_the_description_to_the_given_value" />
    </UnitTest>
    <UnitTest name="Should_set_the_isactive_flag_to_false" storage="c:\gitworkspace\01.dev\output\.net\debug\connectplus.clientcontact.domain.tests.dll" id="580a9ef7-02ec-34e9-a848-19d4ae7489f5">
      <TestCategory>
        <TestCategoryItem TestCategory="Specification" />
      </TestCategory>
      <Execution id="9b4c5d84-007b-435f-b997-135cb4e56c8d" />
      <TestMethod codeBase="C:/gitWorkspace/01.Dev/Output/.NET/Debug/ConnectPlus.ClientContact.Domain.Tests.DLL" adapterTypeName="Microsoft.VisualStudio.TestTools.TestTypes.Unit.UnitTestAdapter, Microsoft.VisualStudio.QualityTools.Tips.UnitTest.Adapter, Version=10.0.0.0, Culture=neutral, PublicKeyToken=b03f5f7f11d50a3a" className="ConnectPlus.ClientContact.Domain.Tests.Specifications.SectorSpecification+When_a_sector_with_no_subsectors_is_inactivated, ConnectPlus.ClientContact.Domain.Tests, Version=1.0.0.0, Culture=neutral, PublicKeyToken=null" name="Should_set_the_isactive_flag_to_false" />
    </UnitTest>
    <UnitTest name="Should_retrieve_the_tier_value" storage="c:\gitworkspace\01.dev\output\.net\debug\connectplus.clientcontact.services.tests.dll" id="b38bd31a-8759-8e39-9db6-5b72650e4cc0">
      <TestCategory>
        <TestCategoryItem TestCategory="Specification" />
      </TestCategory>
      <Execution id="6b5c8b1c-619c-40d3-b717-bcff67c4d072" />
      <TestMethod codeBase="C:/gitWorkspace/01.Dev/Output/.NET/Debug/ConnectPlus.ClientContact.Services.Tests.DLL" adapterTypeName="Microsoft.VisualStudio.TestTools.TestTypes.Unit.UnitTestAdapter, Microsoft.VisualStudio.QualityTools.Tips.UnitTest.Adapter, Version=10.0.0.0, Culture=neutral, PublicKeyToken=b03f5f7f11d50a3a" className="ConnectPlus.ClientContact.Services.Tests.Specifications.CommandProcessors.ClientTierCommandProcessorSpecification+When_all_preconditions_are_met, ConnectPlus.ClientContact.Services.Tests, Version=1.0.0.0, Culture=neutral, PublicKeyToken=null" name="Should_retrieve_the_tier_value" />
    </UnitTest>
    <UnitTest name="Should_pass_validation_when_all_preconditions_are_met" storage="c:\gitworkspace\01.dev\output\.net\debug\connectplus.clientcontact.messaging.contracts.tests.dll" id="af0efbb6-8d8e-6a08-7d24-134f832394cb">
      <TestCategory>
        <TestCategoryItem TestCategory="Unit Test" />
      </TestCategory>
      <Execution id="74b876fc-7a3d-4d37-a801-8681babcba16" />
      <TestMethod codeBase="C:/gitWorkspace/01.Dev/Output/.NET/Debug/ConnectPlus.ClientContact.Messaging.Contracts.Tests.DLL" adapterTypeName="Microsoft.VisualStudio.TestTools.TestTypes.Unit.UnitTestAdapter, Microsoft.VisualStudio.QualityTools.Tips.UnitTest.Adapter, Version=10.0.0.0, Culture=neutral, PublicKeyToken=b03f5f7f11d50a3a" className="ConnectPlus.ClientContact.Messaging.Contracts.Tests.Specifications.StaticMasterEntitySpecifications, ConnectPlus.ClientContact.Messaging.Contracts.Tests, Version=1.0.0.0, Culture=neutral, PublicKeyToken=null" name="Should_pass_validation_when_all_preconditions_are_met" />
    </UnitTest>
    <UnitTest name="Should_require_description" storage="c:\gitworkspace\01.dev\output\.net\debug\connectplus.clientcontact.messaging.contracts.tests.dll" id="d8cacfa1-72c6-26d0-8722-d1428de745fe">
      <TestCategory>
        <TestCategoryItem TestCategory="Unit Test" />
      </TestCategory>
      <Execution id="9cee6057-700f-4fc6-bb8a-80224249946e" />
      <TestMethod codeBase="C:/gitWorkspace/01.Dev/Output/.NET/Debug/ConnectPlus.ClientContact.Messaging.Contracts.Tests.DLL" adapterTypeName="Microsoft.VisualStudio.TestTools.TestTypes.Unit.UnitTestAdapter, Microsoft.VisualStudio.QualityTools.Tips.UnitTest.Adapter, Version=10.0.0.0, Culture=neutral, PublicKeyToken=b03f5f7f11d50a3a" className="ConnectPlus.ClientContact.Messaging.Contracts.Tests.Specifications.TierGroupMessageSpecifications, ConnectPlus.ClientContact.Messaging.Contracts.Tests, Version=1.0.0.0, Culture=neutral, PublicKeyToken=null" name="Should_require_description" />
    </UnitTest>
    <UnitTest name="Should_retrieve_the_subsector" storage="c:\gitworkspace\01.dev\output\.net\debug\connectplus.clientcontact.services.tests.dll" id="aed8ce66-9ccd-d5e8-1357-c96708948f72">
      <TestCategory>
        <TestCategoryItem TestCategory="Specification" />
      </TestCategory>
      <Execution id="0e1da0ee-ebed-464c-95e3-760afdd90917" />
      <TestMethod codeBase="C:/gitWorkspace/01.Dev/Output/.NET/Debug/ConnectPlus.ClientContact.Services.Tests.DLL" adapterTypeName="Microsoft.VisualStudio.TestTools.TestTypes.Unit.UnitTestAdapter, Microsoft.VisualStudio.QualityTools.Tips.UnitTest.Adapter, Version=10.0.0.0, Culture=neutral, PublicKeyToken=b03f5f7f11d50a3a" className="ConnectPlus.ClientContact.Services.Tests.Specifications.CommandProcessors.DeleteSubsectorCommandProcessorSpecification+When_the_subsector_exists, ConnectPlus.ClientContact.Services.Tests, Version=1.0.0.0, Culture=neutral, PublicKeyToken=null" name="Should_retrieve_the_subsector" />
    </UnitTest>
    <UnitTest name="When_Search_Matches_ClientName_And_FirstName_And_LastName_Should_Find" storage="c:\gitworkspace\01.dev\output\.net\debug\connectplus.crm.dataaccess.tests.dll" id="ca3c86f3-2bd1-6786-3776-f1cb040af037">
      <Execution id="2aa0cfd8-859b-42f1-8dbb-20a04a3d6968" />
      <TestMethod codeBase="C:/gitWorkspace/01.Dev/Output/.NET/Debug/ConnectPlus.CRM.DataAccess.Tests.DLL" adapterTypeName="Microsoft.VisualStudio.TestTools.TestTypes.Unit.UnitTestAdapter, Microsoft.VisualStudio.QualityTools.Tips.UnitTest.Adapter, Version=10.0.0.0, Culture=neutral, PublicKeyToken=b03f5f7f11d50a3a" className="ConnectPlus.CRM.DataAccess.Tests.Repositories.ContactRepositoryTests, ConnectPlus.CRM.DataAccess.Tests, Version=1.0.0.0, Culture=neutral, PublicKeyToken=null" name="When_Search_Matches_ClientName_And_FirstName_And_LastName_Should_Find" />
    </UnitTest>
    <UnitTest name="Should_check_if_the_client_exists" storage="c:\gitworkspace\01.dev\output\.net\debug\connectplus.clientcontact.services.tests.dll" id="4224ba66-000e-6e66-eb93-94d110da06e1">
      <TestCategory>
        <TestCategoryItem TestCategory="Unit Test" />
      </TestCategory>
      <Execution id="b05151f8-c185-48b4-af1a-6b9eb997502c" />
      <TestMethod codeBase="C:/gitWorkspace/01.Dev/Output/.NET/Debug/ConnectPlus.ClientContact.Services.Tests.DLL" adapterTypeName="Microsoft.VisualStudio.TestTools.TestTypes.Unit.UnitTestAdapter, Microsoft.VisualStudio.QualityTools.Tips.UnitTest.Adapter, Version=10.0.0.0, Culture=neutral, PublicKeyToken=b03f5f7f11d50a3a" className="ConnectPlus.ClientContact.Services.Tests.Specifications.CommandProcessors.UpsertClientCommandProcessorSpecification+When_all_preconditions_are_met+When_the_client_doesnt_exist, ConnectPlus.ClientContact.Services.Tests, Version=1.0.0.0, Culture=neutral, PublicKeyToken=null" name="Should_check_if_the_client_exists" />
    </UnitTest>
    <UnitTest name="Should_not_insert_the_tier_group" storage="c:\gitworkspace\01.dev\output\.net\debug\connectplus.clientcontact.services.tests.dll" id="3fe2ea35-fd60-2eff-18cf-5bc1804595d4">
      <TestCategory>
        <TestCategoryItem TestCategory="Specification" />
      </TestCategory>
      <Execution id="852e6db9-bd19-488c-b35e-dbf47e08a123" />
      <TestMethod codeBase="C:/gitWorkspace/01.Dev/Output/.NET/Debug/ConnectPlus.ClientContact.Services.Tests.DLL" adapterTypeName="Microsoft.VisualStudio.TestTools.TestTypes.Unit.UnitTestAdapter, Microsoft.VisualStudio.QualityTools.Tips.UnitTest.Adapter, Version=10.0.0.0, Culture=neutral, PublicKeyToken=b03f5f7f11d50a3a" className="ConnectPlus.ClientContact.Services.Tests.Specifications.CommandProcessors.UpsertTierGroupCommandProcessorSpecification+When_the_tier_group_exists, ConnectPlus.ClientContact.Services.Tests, Version=1.0.0.0, Culture=neutral, PublicKeyToken=null" name="Should_not_insert_the_tier_group" />
    </UnitTest>
    <UnitTest name="Should_throw_notsupportedexcetpion" storage="c:\gitworkspace\01.dev\output\.net\debug\connectplus.clientcontact.services.tests.dll" id="92665085-b299-b48a-bc2c-1efda6032b04">
      <TestCategory>
        <TestCategoryItem TestCategory="Unit Test" />
      </TestCategory>
      <Execution id="9ab27813-fda3-4c16-b00d-9d15d1d76ba6" />
      <TestMethod codeBase="C:/gitWorkspace/01.Dev/Output/.NET/Debug/ConnectPlus.ClientContact.Services.Tests.DLL" adapterTypeName="Microsoft.VisualStudio.TestTools.TestTypes.Unit.UnitTestAdapter, Microsoft.VisualStudio.QualityTools.Tips.UnitTest.Adapter, Version=10.0.0.0, Culture=neutral, PublicKeyToken=b03f5f7f11d50a3a" className="ConnectPlus.ClientContact.Services.Tests.Specifications.CommandProcessors.Factories.StatusBasedTierList+When_the_status_is_inactive, ConnectPlus.ClientContact.Services.Tests, Version=1.0.0.0, Culture=neutral, PublicKeyToken=null" name="Should_throw_notsupportedexcetpion" />
    </UnitTest>
    <UnitTest name="Should_check_if_the_tier_value_exists" storage="c:\gitworkspace\01.dev\output\.net\debug\connectplus.clientcontact.services.tests.dll" id="c980ab97-2215-dab8-d790-437958c9e42f">
      <TestCategory>
        <TestCategoryItem TestCategory="Specification" />
      </TestCategory>
      <Execution id="83a77839-1947-4dd0-8b0b-3c5c9ce785bb" />
      <TestMethod codeBase="C:/gitWorkspace/01.Dev/Output/.NET/Debug/ConnectPlus.ClientContact.Services.Tests.DLL" adapterTypeName="Microsoft.VisualStudio.TestTools.TestTypes.Unit.UnitTestAdapter, Microsoft.VisualStudio.QualityTools.Tips.UnitTest.Adapter, Version=10.0.0.0, Culture=neutral, PublicKeyToken=b03f5f7f11d50a3a" className="ConnectPlus.ClientContact.Services.Tests.Specifications.CommandProcessors.UpsertTierValueCommandProcessorSpecification+When_the_tier_value_exists, ConnectPlus.ClientContact.Services.Tests, Version=1.0.0.0, Culture=neutral, PublicKeyToken=null" name="Should_check_if_the_tier_value_exists" />
    </UnitTest>
    <UnitTest name="Can_find_user_by_login" storage="c:\gitworkspace\01.dev\output\.net\debug\connectplus.crm.dataaccess.tests.dll" id="2357877a-3b9b-3b1a-054b-270125d11d14">
      <Execution id="e7a5639c-14f8-42cd-9565-01544a1a760d" />
      <TestMethod codeBase="C:/gitWorkspace/01.Dev/Output/.NET/Debug/ConnectPlus.CRM.DataAccess.Tests.DLL" adapterTypeName="Microsoft.VisualStudio.TestTools.TestTypes.Unit.UnitTestAdapter, Microsoft.VisualStudio.QualityTools.Tips.UnitTest.Adapter, Version=10.0.0.0, Culture=neutral, PublicKeyToken=b03f5f7f11d50a3a" className="ConnectPlus.CRM.DataAccess.Tests.Repositories.UserRepositoryTests, ConnectPlus.CRM.DataAccess.Tests, Version=1.0.0.0, Culture=neutral, PublicKeyToken=null" name="Can_find_user_by_login" />
    </UnitTest>
    <UnitTest name="Should_set_the_isactive_flag_to_false" storage="c:\gitworkspace\01.dev\output\.net\debug\connectplus.clientcontact.domain.tests.dll" id="ca5fa49d-7f57-0401-f31d-539915ab9902">
      <TestCategory>
        <TestCategoryItem TestCategory="Specification" />
      </TestCategory>
      <Execution id="38467110-152c-4cad-bba3-d9bafd9c024d" />
      <TestMethod codeBase="C:/gitWorkspace/01.Dev/Output/.NET/Debug/ConnectPlus.ClientContact.Domain.Tests.DLL" adapterTypeName="Microsoft.VisualStudio.TestTools.TestTypes.Unit.UnitTestAdapter, Microsoft.VisualStudio.QualityTools.Tips.UnitTest.Adapter, Version=10.0.0.0, Culture=neutral, PublicKeyToken=b03f5f7f11d50a3a" className="ConnectPlus.ClientContact.Domain.Tests.Specifications.ClientSpecification+When_inactivating, ConnectPlus.ClientContact.Domain.Tests, Version=1.0.0.0, Culture=neutral, PublicKeyToken=null" name="Should_set_the_isactive_flag_to_false" />
    </UnitTest>
    <UnitTest name="Constructor_should_require_non_null_description" storage="c:\gitworkspace\01.dev\output\.net\debug\connectplus.clientcontact.domain.tests.dll" id="bb761540-ffc9-4620-9166-fba6808f4548">
      <TestCategory>
        <TestCategoryItem TestCategory="Unit Test" />
      </TestCategory>
      <Execution id="f1e8d936-07c6-43ff-b191-374d291ae48f" />
      <TestMethod codeBase="C:/gitWorkspace/01.Dev/Output/.NET/Debug/ConnectPlus.ClientContact.Domain.Tests.DLL" adapterTypeName="Microsoft.VisualStudio.TestTools.TestTypes.Unit.UnitTestAdapter, Microsoft.VisualStudio.QualityTools.Tips.UnitTest.Adapter, Version=10.0.0.0, Culture=neutral, PublicKeyToken=b03f5f7f11d50a3a" className="ConnectPlus.ClientContact.Domain.Tests.Specifications.TierGroupSpecification+Preconditions, ConnectPlus.ClientContact.Domain.Tests, Version=1.0.0.0, Culture=neutral, PublicKeyToken=null" name="Constructor_should_require_non_null_description" />
    </UnitTest>
    <UnitTest name="Can_tier_client" storage="c:\gitworkspace\01.dev\output\.net\debug\connectplus.clientcontact.integrationtests.dll" id="76c40776-33ef-44ac-8bdc-85a7b8eb6555">
      <Execution id="cfdf536e-21b7-41bc-a31a-91f00f50ac25" />
      <TestMethod codeBase="C:/gitWorkspace/01.Dev/Output/.NET/Debug/ConnectPlus.ClientContact.IntegrationTests.DLL" adapterTypeName="Microsoft.VisualStudio.TestTools.TestTypes.Unit.UnitTestAdapter, Microsoft.VisualStudio.QualityTools.Tips.UnitTest.Adapter, Version=10.0.0.0, Culture=neutral, PublicKeyToken=b03f5f7f11d50a3a" className="ConnectPlus.ClientContact.IntegrationTests.MessagesIntegrationTests, ConnectPlus.ClientContact.IntegrationTests, Version=1.0.0.0, Culture=neutral, PublicKeyToken=null" name="Can_tier_client" />
    </UnitTest>
    <UnitTest name="Should_resolve_the_specific_processor" storage="c:\gitworkspace\01.dev\output\.net\debug\connectplus.clientcontact.services.tests.dll" id="e16ed279-9246-72a2-2c02-8b8cbf5ff9bf">
      <TestCategory>
        <TestCategoryItem TestCategory="Unit Test" />
      </TestCategory>
      <Execution id="a63ccc11-5ce9-40a7-a9d1-7eb8de0e3824" />
      <TestMethod codeBase="C:/gitWorkspace/01.Dev/Output/.NET/Debug/ConnectPlus.ClientContact.Services.Tests.DLL" adapterTypeName="Microsoft.VisualStudio.TestTools.TestTypes.Unit.UnitTestAdapter, Microsoft.VisualStudio.QualityTools.Tips.UnitTest.Adapter, Version=10.0.0.0, Culture=neutral, PublicKeyToken=b03f5f7f11d50a3a" className="ConnectPlus.ClientContact.Services.Tests.Specifications.CommandProcessors.TierValueCommandProcessorSpecification, ConnectPlus.ClientContact.Services.Tests, Version=1.0.0.0, Culture=neutral, PublicKeyToken=null" name="Should_resolve_the_specific_processor" />
    </UnitTest>
    <UnitTest name="Should_create_and_persist_the_sector" storage="c:\gitworkspace\01.dev\output\.net\debug\connectplus.clientcontact.services.tests.dll" id="c4df39e9-1bcd-84d9-4520-201e34c0b7c3">
      <TestCategory>
        <TestCategoryItem TestCategory="Specification" />
      </TestCategory>
      <Execution id="a0a4e799-1366-4eb0-8d84-b37bd8f7f10a" />
      <TestMethod codeBase="C:/gitWorkspace/01.Dev/Output/.NET/Debug/ConnectPlus.ClientContact.Services.Tests.DLL" adapterTypeName="Microsoft.VisualStudio.TestTools.TestTypes.Unit.UnitTestAdapter, Microsoft.VisualStudio.QualityTools.Tips.UnitTest.Adapter, Version=10.0.0.0, Culture=neutral, PublicKeyToken=b03f5f7f11d50a3a" className="ConnectPlus.ClientContact.Services.Tests.Specifications.CommandProcessors.UpsertSectorCommandProcessorSpecification+When_the_sector_doesnt_exist, ConnectPlus.ClientContact.Services.Tests, Version=1.0.0.0, Culture=neutral, PublicKeyToken=null" name="Should_create_and_persist_the_sector" />
    </UnitTest>
    <UnitTest name="It_shouldnt_do_anything" storage="c:\gitworkspace\01.dev\output\.net\debug\connectplus.clientcontact.services.tests.dll" id="07d7b086-b64d-515e-df8b-ff736aa4896d">
      <TestCategory>
        <TestCategoryItem TestCategory="Specification" />
      </TestCategory>
      <Execution id="572ef4da-8853-4c68-aadf-e7fb3547bab5" />
      <TestMethod codeBase="C:/gitWorkspace/01.Dev/Output/.NET/Debug/ConnectPlus.ClientContact.Services.Tests.DLL" adapterTypeName="Microsoft.VisualStudio.TestTools.TestTypes.Unit.UnitTestAdapter, Microsoft.VisualStudio.QualityTools.Tips.UnitTest.Adapter, Version=10.0.0.0, Culture=neutral, PublicKeyToken=b03f5f7f11d50a3a" className="ConnectPlus.ClientContact.Services.Tests.Specifications.CommandProcessors.DeleteClientCommandProcessorSpecification+When_the_client_is_not_found, ConnectPlus.ClientContact.Services.Tests, Version=1.0.0.0, Culture=neutral, PublicKeyToken=null" name="It_shouldnt_do_anything" />
    </UnitTest>
    <UnitTest name="Should_check_if_the_subsector_exists" storage="c:\gitworkspace\01.dev\output\.net\debug\connectplus.clientcontact.services.tests.dll" id="75597cb9-3054-7f6f-0a28-ff4aa44355c1">
      <TestCategory>
        <TestCategoryItem TestCategory="Specification" />
      </TestCategory>
      <Execution id="a5b3c74b-1d42-46f8-a33c-fa3d0ccefe3d" />
      <TestMethod codeBase="C:/gitWorkspace/01.Dev/Output/.NET/Debug/ConnectPlus.ClientContact.Services.Tests.DLL" adapterTypeName="Microsoft.VisualStudio.TestTools.TestTypes.Unit.UnitTestAdapter, Microsoft.VisualStudio.QualityTools.Tips.UnitTest.Adapter, Version=10.0.0.0, Culture=neutral, PublicKeyToken=b03f5f7f11d50a3a" className="ConnectPlus.ClientContact.Services.Tests.Specifications.CommandProcessors.UpsertSubsectorCommandProcessorSpecification, ConnectPlus.ClientContact.Services.Tests, Version=1.0.0.0, Culture=neutral, PublicKeyToken=null" name="Should_check_if_the_subsector_exists" />
    </UnitTest>
    <UnitTest name="Should_pass_validation_when_all_preconditions_are_met" storage="c:\gitworkspace\01.dev\output\.net\debug\connectplus.clientcontact.messaging.contracts.tests.dll" id="039bfebf-f8b9-f80a-9b7e-db868c351a4d">
      <TestCategory>
        <TestCategoryItem TestCategory="Unit Test" />
      </TestCategory>
      <Execution id="b13dc04f-1a15-4bee-a38a-4f29f2f071cc" />
      <TestMethod codeBase="C:/gitWorkspace/01.Dev/Output/.NET/Debug/ConnectPlus.ClientContact.Messaging.Contracts.Tests.DLL" adapterTypeName="Microsoft.VisualStudio.TestTools.TestTypes.Unit.UnitTestAdapter, Microsoft.VisualStudio.QualityTools.Tips.UnitTest.Adapter, Version=10.0.0.0, Culture=neutral, PublicKeyToken=b03f5f7f11d50a3a" className="ConnectPlus.ClientContact.Messaging.Contracts.Tests.Specifications.SubsectorMessageSpecifications, ConnectPlus.ClientContact.Messaging.Contracts.Tests, Version=1.0.0.0, Culture=neutral, PublicKeyToken=null" name="Should_pass_validation_when_all_preconditions_are_met" />
    </UnitTest>
    <UnitTest name="Should_update_revision" storage="c:\gitworkspace\01.dev\output\.net\debug\connectplus.clientcontact.services.tests.dll" id="db16e2a7-abd4-1715-6960-600a9a17cead">
      <TestCategory>
        <TestCategoryItem TestCategory="Unit Test" />
      </TestCategory>
      <Execution id="ddd4062d-b218-4b4e-8268-d52b591ced53" />
      <TestMethod codeBase="C:/gitWorkspace/01.Dev/Output/.NET/Debug/ConnectPlus.ClientContact.Services.Tests.DLL" adapterTypeName="Microsoft.VisualStudio.TestTools.TestTypes.Unit.UnitTestAdapter, Microsoft.VisualStudio.QualityTools.Tips.UnitTest.Adapter, Version=10.0.0.0, Culture=neutral, PublicKeyToken=b03f5f7f11d50a3a" className="ConnectPlus.ClientContact.Services.Tests.Specifications.CommandProcessors.ClientCommandProcessorSpecification+When_the_command_is_due, ConnectPlus.ClientContact.Services.Tests, Version=1.0.0.0, Culture=neutral, PublicKeyToken=null" name="Should_update_revision" />
    </UnitTest>
    <UnitTest name="Should_require_tier_group_id" storage="c:\gitworkspace\01.dev\output\.net\debug\connectplus.clientcontact.messaging.contracts.tests.dll" id="9959b482-d25f-bb10-e15e-e9223cf53a9d">
      <TestCategory>
        <TestCategoryItem TestCategory="Unit Test" />
      </TestCategory>
      <Execution id="16a615e5-da47-4b89-a919-c9f20b1c1454" />
      <TestMethod codeBase="C:/gitWorkspace/01.Dev/Output/.NET/Debug/ConnectPlus.ClientContact.Messaging.Contracts.Tests.DLL" adapterTypeName="Microsoft.VisualStudio.TestTools.TestTypes.Unit.UnitTestAdapter, Microsoft.VisualStudio.QualityTools.Tips.UnitTest.Adapter, Version=10.0.0.0, Culture=neutral, PublicKeyToken=b03f5f7f11d50a3a" className="ConnectPlus.ClientContact.Messaging.Contracts.Tests.Specifications.TierListMessageSpecifications, ConnectPlus.ClientContact.Messaging.Contracts.Tests, Version=1.0.0.0, Culture=neutral, PublicKeyToken=null" name="Should_require_tier_group_id" />
    </UnitTest>
    <UnitTest name="Can_create_client_with_invalid_country" storage="c:\gitworkspace\01.dev\output\.net\debug\connectplus.clientcontact.integrationtests.dll" id="a674ba5c-af39-5663-d8ec-d75ed51d813b">
      <Execution id="b1de0629-93dc-4bfe-a83f-2133604d521f" />
      <TestMethod codeBase="C:/gitWorkspace/01.Dev/Output/.NET/Debug/ConnectPlus.ClientContact.IntegrationTests.DLL" adapterTypeName="Microsoft.VisualStudio.TestTools.TestTypes.Unit.UnitTestAdapter, Microsoft.VisualStudio.QualityTools.Tips.UnitTest.Adapter, Version=10.0.0.0, Culture=neutral, PublicKeyToken=b03f5f7f11d50a3a" className="ConnectPlus.ClientContact.IntegrationTests.MessagesIntegrationTests, ConnectPlus.ClientContact.IntegrationTests, Version=1.0.0.0, Culture=neutral, PublicKeyToken=null" name="Can_create_client_with_invalid_country" />
    </UnitTest>
    <UnitTest name="Country" storage="c:\gitworkspace\01.dev\output\.net\debug\connectplus.clientcontact.dataaccess.tests.dll" id="2f050959-c027-23e5-a21d-65b1c27803f2">
      <Execution id="368ac659-b592-4cb7-b6cf-2843e89d3b08" />
      <TestMethod codeBase="C:/gitWorkspace/01.Dev/Output/.NET/Debug/ConnectPlus.ClientContact.DataAccess.Tests.DLL" adapterTypeName="Microsoft.VisualStudio.TestTools.TestTypes.Unit.UnitTestAdapter, Microsoft.VisualStudio.QualityTools.Tips.UnitTest.Adapter, Version=10.0.0.0, Culture=neutral, PublicKeyToken=b03f5f7f11d50a3a" className="ConnectPlus.ClientContact.DataAccess.Tests.Mapping.ClientMappingTests, ConnectPlus.ClientContact.DataAccess.Tests, Version=1.0.0.0, Culture=neutral, PublicKeyToken=null" name="Country" />
    </UnitTest>
    <UnitTest name="Constructor_should_require_non_empty_description" storage="c:\gitworkspace\01.dev\output\.net\debug\connectplus.clientcontact.domain.tests.dll" id="0eae3436-966d-c7d6-d78e-97753eed25a4">
      <TestCategory>
        <TestCategoryItem TestCategory="Unit Test" />
      </TestCategory>
      <Execution id="97e7c4dd-7585-4bee-bff9-edc7bb522acd" />
      <TestMethod codeBase="C:/gitWorkspace/01.Dev/Output/.NET/Debug/ConnectPlus.ClientContact.Domain.Tests.DLL" adapterTypeName="Microsoft.VisualStudio.TestTools.TestTypes.Unit.UnitTestAdapter, Microsoft.VisualStudio.QualityTools.Tips.UnitTest.Adapter, Version=10.0.0.0, Culture=neutral, PublicKeyToken=b03f5f7f11d50a3a" className="ConnectPlus.ClientContact.Domain.Tests.Specifications.TierValueSpecification+Preconditions, ConnectPlus.ClientContact.Domain.Tests, Version=1.0.0.0, Culture=neutral, PublicKeyToken=null" name="Constructor_should_require_non_empty_description" />
    </UnitTest>
    <UnitTest name="Should_retrieve_the_tier_list" storage="c:\gitworkspace\01.dev\output\.net\debug\connectplus.clientcontact.services.tests.dll" id="f4cd8473-d5bd-b7ed-1376-fc7bd6b7a1c9">
      <TestCategory>
        <TestCategoryItem TestCategory="Specification" />
      </TestCategory>
      <Execution id="6a3ae4ab-0b4c-4048-9866-3a888bfef310" />
      <TestMethod codeBase="C:/gitWorkspace/01.Dev/Output/.NET/Debug/ConnectPlus.ClientContact.Services.Tests.DLL" adapterTypeName="Microsoft.VisualStudio.TestTools.TestTypes.Unit.UnitTestAdapter, Microsoft.VisualStudio.QualityTools.Tips.UnitTest.Adapter, Version=10.0.0.0, Culture=neutral, PublicKeyToken=b03f5f7f11d50a3a" className="ConnectPlus.ClientContact.Services.Tests.Specifications.CommandProcessors.DeleteTierListCommandProcessorSpecification+When_the_tier_list_exists, ConnectPlus.ClientContact.Services.Tests, Version=1.0.0.0, Culture=neutral, PublicKeyToken=null" name="Should_retrieve_the_tier_list" />
    </UnitTest>
    <UnitTest name="Constructor_should_require_clientsaleshierarchy" storage="c:\gitworkspace\01.dev\output\.net\debug\connectplus.clientcontact.domain.tests.dll" id="9944c00d-3302-38b8-7a71-4814942dc19a">
      <TestCategory>
        <TestCategoryItem TestCategory="Unit Test" />
      </TestCategory>
      <Execution id="841e3c30-535b-4d50-a41c-03c2f4d6a3e1" />
      <TestMethod codeBase="C:/gitWorkspace/01.Dev/Output/.NET/Debug/ConnectPlus.ClientContact.Domain.Tests.DLL" adapterTypeName="Microsoft.VisualStudio.TestTools.TestTypes.Unit.UnitTestAdapter, Microsoft.VisualStudio.QualityTools.Tips.UnitTest.Adapter, Version=10.0.0.0, Culture=neutral, PublicKeyToken=b03f5f7f11d50a3a" className="ConnectPlus.ClientContact.Domain.Tests.Specifications.ClientSpecification+Preconditions, ConnectPlus.ClientContact.Domain.Tests, Version=1.0.0.0, Culture=neutral, PublicKeyToken=null" name="Constructor_should_require_clientsaleshierarchy" />
    </UnitTest>
    <UnitTest name="Can_update_child_sdmClient" storage="c:\gitworkspace\01.dev\output\.net\debug\connectplus.clientcontact.dataaccess.tests.dll" id="f21977c2-aec1-6e6e-3d1a-d3528baa6270">
      <Execution id="bd424b43-4957-4088-abd6-5c3a1b8b2521" />
      <TestMethod codeBase="C:/gitWorkspace/01.Dev/Output/.NET/Debug/ConnectPlus.ClientContact.DataAccess.Tests.DLL" adapterTypeName="Microsoft.VisualStudio.TestTools.TestTypes.Unit.UnitTestAdapter, Microsoft.VisualStudio.QualityTools.Tips.UnitTest.Adapter, Version=10.0.0.0, Culture=neutral, PublicKeyToken=b03f5f7f11d50a3a" className="ConnectPlus.ClientContact.DataAccess.Tests.Mapping.ClientMappingTests, ConnectPlus.ClientContact.DataAccess.Tests, Version=1.0.0.0, Culture=neutral, PublicKeyToken=null" name="Can_update_child_sdmClient" />
    </UnitTest>
    <UnitTest name="Should_require_description_shorter_than_256_chars" storage="c:\gitworkspace\01.dev\output\.net\debug\connectplus.clientcontact.messaging.contracts.tests.dll" id="9609b7f5-87b1-f9f9-e215-16c789eb842d">
      <TestCategory>
        <TestCategoryItem TestCategory="Unit Test" />
      </TestCategory>
      <Execution id="2fde3312-0bec-4e2a-864a-45536738158b" />
      <TestMethod codeBase="C:/gitWorkspace/01.Dev/Output/.NET/Debug/ConnectPlus.ClientContact.Messaging.Contracts.Tests.DLL" adapterTypeName="Microsoft.VisualStudio.TestTools.TestTypes.Unit.UnitTestAdapter, Microsoft.VisualStudio.QualityTools.Tips.UnitTest.Adapter, Version=10.0.0.0, Culture=neutral, PublicKeyToken=b03f5f7f11d50a3a" className="ConnectPlus.ClientContact.Messaging.Contracts.Tests.Specifications.TierGroupMessageSpecifications, ConnectPlus.ClientContact.Messaging.Contracts.Tests, Version=1.0.0.0, Culture=neutral, PublicKeyToken=null" name="Should_require_description_shorter_than_256_chars" />
    </UnitTest>
    <UnitTest name="Should_check_if_the_sector_exists" storage="c:\gitworkspace\01.dev\output\.net\debug\connectplus.clientcontact.services.tests.dll" id="3cb4dc6d-c219-3687-8d8e-f6c075ffe2a3">
      <TestCategory>
        <TestCategoryItem TestCategory="Specification" />
      </TestCategory>
      <Execution id="eec9183f-489d-4216-b9f1-8310fc4238ab" />
      <TestMethod codeBase="C:/gitWorkspace/01.Dev/Output/.NET/Debug/ConnectPlus.ClientContact.Services.Tests.DLL" adapterTypeName="Microsoft.VisualStudio.TestTools.TestTypes.Unit.UnitTestAdapter, Microsoft.VisualStudio.QualityTools.Tips.UnitTest.Adapter, Version=10.0.0.0, Culture=neutral, PublicKeyToken=b03f5f7f11d50a3a" className="ConnectPlus.ClientContact.Services.Tests.Specifications.CommandProcessors.UpsertSectorCommandProcessorSpecification+When_the_sector_exists, ConnectPlus.ClientContact.Services.Tests, Version=1.0.0.0, Culture=neutral, PublicKeyToken=null" name="Should_check_if_the_sector_exists" />
    </UnitTest>
    <UnitTest name="CanCorrectlyMapClientContactListMember" storage="c:\gitworkspace\01.dev\output\.net\debug\connectplus.crm.dataaccess.tests.dll" id="50135fc3-a6bb-eeb8-3133-d17857522516">
      <Execution id="966871fc-079a-453f-800a-c7f13867daa6" />
      <TestMethod codeBase="C:/gitWorkspace/01.Dev/Output/.NET/Debug/ConnectPlus.CRM.DataAccess.Tests.DLL" adapterTypeName="Microsoft.VisualStudio.TestTools.TestTypes.Unit.UnitTestAdapter, Microsoft.VisualStudio.QualityTools.Tips.UnitTest.Adapter, Version=10.0.0.0, Culture=neutral, PublicKeyToken=b03f5f7f11d50a3a" className="ConnectPlus.CRM.DataAccess.Tests.ClassMappingTests, ConnectPlus.CRM.DataAccess.Tests, Version=1.0.0.0, Culture=neutral, PublicKeyToken=null" name="CanCorrectlyMapClientContactListMember" />
    </UnitTest>
    <UnitTest name="Test2" storage="c:\gitworkspace\01.dev\output\.net\debug\connectplus.clientcontact.integrationtests.dll" id="158cd4e8-33bc-9df9-4925-d947164af8c2">
      <Execution id="83193d78-d07b-4d4e-b93b-433102c51348" />
      <TestMethod codeBase="C:/gitWorkspace/01.Dev/Output/.NET/Debug/ConnectPlus.ClientContact.IntegrationTests.DLL" adapterTypeName="Microsoft.VisualStudio.TestTools.TestTypes.Unit.UnitTestAdapter, Microsoft.VisualStudio.QualityTools.Tips.UnitTest.Adapter, Version=10.0.0.0, Culture=neutral, PublicKeyToken=b03f5f7f11d50a3a" className="ConnectPlus.ClientContact.IntegrationTests.Infrastructure.IntegrationTestsTest, ConnectPlus.ClientContact.IntegrationTests, Version=1.0.0.0, Culture=neutral, PublicKeyToken=null" name="Test2" />
    </UnitTest>
    <UnitTest name="Should_update_subsector" storage="c:\gitworkspace\01.dev\output\.net\debug\connectplus.clientcontact.services.tests.dll" id="e12d1da2-5932-38e5-49e5-912e2c879055">
      <TestCategory>
        <TestCategoryItem TestCategory="Unit Test" />
      </TestCategory>
      <Execution id="af7f664e-2647-464a-9b8c-e9d336f6543b" />
      <TestMethod codeBase="C:/gitWorkspace/01.Dev/Output/.NET/Debug/ConnectPlus.ClientContact.Services.Tests.DLL" adapterTypeName="Microsoft.VisualStudio.TestTools.TestTypes.Unit.UnitTestAdapter, Microsoft.VisualStudio.QualityTools.Tips.UnitTest.Adapter, Version=10.0.0.0, Culture=neutral, PublicKeyToken=b03f5f7f11d50a3a" className="ConnectPlus.ClientContact.Services.Tests.Specifications.CommandProcessors.UpsertClientCommandProcessorSpecification+When_all_preconditions_are_met+When_the_client_exists+When_the_subsector_has_changed, ConnectPlus.ClientContact.Services.Tests, Version=1.0.0.0, Culture=neutral, PublicKeyToken=null" name="Should_update_subsector" />
    </UnitTest>
    <UnitTest name="Should_require_a_nonempty_description" storage="c:\gitworkspace\01.dev\output\.net\debug\connectplus.clientcontact.domain.tests.dll" id="cb25deab-cf45-b695-0c44-ad948d14d876">
      <TestCategory>
        <TestCategoryItem TestCategory="Unit Test" />
      </TestCategory>
      <Execution id="b2787597-2a62-4e22-bb76-5e3c3b282ba8" />
      <TestMethod codeBase="C:/gitWorkspace/01.Dev/Output/.NET/Debug/ConnectPlus.ClientContact.Domain.Tests.DLL" adapterTypeName="Microsoft.VisualStudio.TestTools.TestTypes.Unit.UnitTestAdapter, Microsoft.VisualStudio.QualityTools.Tips.UnitTest.Adapter, Version=10.0.0.0, Culture=neutral, PublicKeyToken=b03f5f7f11d50a3a" className="ConnectPlus.ClientContact.Domain.Tests.Specifications.SectorSpecification+When_changing_the_description, ConnectPlus.ClientContact.Domain.Tests, Version=1.0.0.0, Culture=neutral, PublicKeyToken=null" name="Should_require_a_nonempty_description" />
    </UnitTest>
    <UnitTest name="Should_change_the_description_to_the_given_value" storage="c:\gitworkspace\01.dev\output\.net\debug\connectplus.clientcontact.domain.tests.dll" id="43a1edf0-6728-acc1-9940-a576d5dcc426">
      <TestCategory>
        <TestCategoryItem TestCategory="Specification" />
      </TestCategory>
      <Execution id="aea13ab2-32ed-4f3c-8830-42f9e5f8d598" />
      <TestMethod codeBase="C:/gitWorkspace/01.Dev/Output/.NET/Debug/ConnectPlus.ClientContact.Domain.Tests.DLL" adapterTypeName="Microsoft.VisualStudio.TestTools.TestTypes.Unit.UnitTestAdapter, Microsoft.VisualStudio.QualityTools.Tips.UnitTest.Adapter, Version=10.0.0.0, Culture=neutral, PublicKeyToken=b03f5f7f11d50a3a" className="ConnectPlus.ClientContact.Domain.Tests.Specifications.TierListSpecification+When_changing_the_description, ConnectPlus.ClientContact.Domain.Tests, Version=1.0.0.0, Culture=neutral, PublicKeyToken=null" name="Should_change_the_description_to_the_given_value" />
    </UnitTest>
    <UnitTest name="Should_fail_validation" storage="c:\gitworkspace\01.dev\output\.net\debug\connectplus.clientcontact.contact.services.tests.dll" id="b4138e3e-ae4d-bd71-a7e9-bb4800474a5a">
      <Execution id="9d275b7b-71c2-498b-9f72-d6538e1bc820" />
      <TestMethod codeBase="C:/gitWorkspace/01.Dev/Output/.NET/Debug/ConnectPlus.ClientContact.Contact.Services.Tests.DLL" adapterTypeName="Microsoft.VisualStudio.TestTools.TestTypes.Unit.UnitTestAdapter, Microsoft.VisualStudio.QualityTools.Tips.UnitTest.Adapter, Version=10.0.0.0, Culture=neutral, PublicKeyToken=b03f5f7f11d50a3a" className="ConnectPlus.ClientContact.Contact.Services.Tests.Queries.ContactEmailSearchCommandSpecifiction+When_email_address_is_not_provided, ConnectPlus.ClientContact.Contact.Services.Tests, Version=1.0.0.0, Culture=neutral, PublicKeyToken=null" name="Should_fail_validation" />
    </UnitTest>
    <UnitTest name="Should_reject_the_revision" storage="c:\gitworkspace\01.dev\output\.net\debug\connectplus.clientcontact.services.tests.dll" id="38dd5810-ac8f-9195-9b47-a339726908fe">
      <TestCategory>
        <TestCategoryItem TestCategory="Specification" />
      </TestCategory>
      <Execution id="d2c18f0e-fd0b-4920-b44c-5b3bda66795d" />
      <TestMethod codeBase="C:/gitWorkspace/01.Dev/Output/.NET/Debug/ConnectPlus.ClientContact.Services.Tests.DLL" adapterTypeName="Microsoft.VisualStudio.TestTools.TestTypes.Unit.UnitTestAdapter, Microsoft.VisualStudio.QualityTools.Tips.UnitTest.Adapter, Version=10.0.0.0, Culture=neutral, PublicKeyToken=b03f5f7f11d50a3a" className="ConnectPlus.ClientContact.Services.Tests.Specifications.VersionCheckerRevisionServiceSpecification+When_the_targets_version_is_lower_than_the_current_version, ConnectPlus.ClientContact.Services.Tests, Version=1.0.0.0, Culture=neutral, PublicKeyToken=null" name="Should_reject_the_revision" />
    </UnitTest>
    <UnitTest name="Should_throw_clientnotfoundexception" storage="c:\gitworkspace\01.dev\output\.net\debug\connectplus.clientcontact.services.tests.dll" id="f5864044-a378-7807-f1b5-a84a798cedac">
      <TestCategory>
        <TestCategoryItem TestCategory="Unit Test" />
      </TestCategory>
      <Execution id="9ff7e7b5-4e7a-467d-a2a5-5f96c54fece0" />
      <TestMethod codeBase="C:/gitWorkspace/01.Dev/Output/.NET/Debug/ConnectPlus.ClientContact.Services.Tests.DLL" adapterTypeName="Microsoft.VisualStudio.TestTools.TestTypes.Unit.UnitTestAdapter, Microsoft.VisualStudio.QualityTools.Tips.UnitTest.Adapter, Version=10.0.0.0, Culture=neutral, PublicKeyToken=b03f5f7f11d50a3a" className="ConnectPlus.ClientContact.Services.Tests.Specifications.CommandProcessors.ClientTierCommandProcessorSpecification+When_the_client_is_not_found, ConnectPlus.ClientContact.Services.Tests, Version=1.0.0.0, Culture=neutral, PublicKeyToken=null" name="Should_throw_clientnotfoundexception" />
    </UnitTest>
    <UnitTest name="Should_inactivate_the_Client" storage="c:\gitworkspace\01.dev\output\.net\debug\connectplus.clientcontact.services.tests.dll" id="7e3c535f-3e85-3007-c60e-880cd8e262a8">
      <TestCategory>
        <TestCategoryItem TestCategory="Specification" />
      </TestCategory>
      <Execution id="7dcbe5ac-17ce-46be-ab33-1ee7e02e5204" />
      <TestMethod codeBase="C:/gitWorkspace/01.Dev/Output/.NET/Debug/ConnectPlus.ClientContact.Services.Tests.DLL" adapterTypeName="Microsoft.VisualStudio.TestTools.TestTypes.Unit.UnitTestAdapter, Microsoft.VisualStudio.QualityTools.Tips.UnitTest.Adapter, Version=10.0.0.0, Culture=neutral, PublicKeyToken=b03f5f7f11d50a3a" className="ConnectPlus.ClientContact.Services.Tests.Specifications.CommandProcessors.DeleteClientCommandProcessorSpecification+When_the_client_exists, ConnectPlus.ClientContact.Services.Tests, Version=1.0.0.0, Culture=neutral, PublicKeyToken=null" name="Should_inactivate_the_Client" />
    </UnitTest>
    <UnitTest name="Should_set_the_isactive_flag_to_false" storage="c:\gitworkspace\01.dev\output\.net\debug\connectplus.clientcontact.domain.tests.dll" id="f879d08f-993d-09e0-12d7-309af3c6903c">
      <TestCategory>
        <TestCategoryItem TestCategory="Specification" />
      </TestCategory>
      <Execution id="4a66ee3d-1777-4c86-a41a-9835a1024abf" />
      <TestMethod codeBase="C:/gitWorkspace/01.Dev/Output/.NET/Debug/ConnectPlus.ClientContact.Domain.Tests.DLL" adapterTypeName="Microsoft.VisualStudio.TestTools.TestTypes.Unit.UnitTestAdapter, Microsoft.VisualStudio.QualityTools.Tips.UnitTest.Adapter, Version=10.0.0.0, Culture=neutral, PublicKeyToken=b03f5f7f11d50a3a" className="ConnectPlus.ClientContact.Domain.Tests.Specifications.TierListSpecification+When_a_lsit_with_no_values_is_inactivated, ConnectPlus.ClientContact.Domain.Tests, Version=1.0.0.0, Culture=neutral, PublicKeyToken=null" name="Should_set_the_isactive_flag_to_false" />
    </UnitTest>
    <UnitTest name="Can_untier_client" storage="c:\gitworkspace\01.dev\output\.net\debug\connectplus.clientcontact.integrationtests.dll" id="4540a4df-3b46-971a-4cf8-2db44a748c99">
      <Execution id="9da7e8a8-0401-4bdf-87a6-3ee2a419dd34" />
      <TestMethod codeBase="C:/gitWorkspace/01.Dev/Output/.NET/Debug/ConnectPlus.ClientContact.IntegrationTests.DLL" adapterTypeName="Microsoft.VisualStudio.TestTools.TestTypes.Unit.UnitTestAdapter, Microsoft.VisualStudio.QualityTools.Tips.UnitTest.Adapter, Version=10.0.0.0, Culture=neutral, PublicKeyToken=b03f5f7f11d50a3a" className="ConnectPlus.ClientContact.IntegrationTests.MessagesIntegrationTests, ConnectPlus.ClientContact.IntegrationTests, Version=1.0.0.0, Culture=neutral, PublicKeyToken=null" name="Can_untier_client" />
    </UnitTest>
    <UnitTest name="Should_update_the_clients_country" storage="c:\gitworkspace\01.dev\output\.net\debug\connectplus.clientcontact.services.tests.dll" id="eb00b1b0-87f8-6124-c9a0-b7ad5661af2b">
      <TestCategory>
        <TestCategoryItem TestCategory="Unit Test" />
      </TestCategory>
      <Execution id="a29387e4-9364-4495-991a-2bfe298b782a" />
      <TestMethod codeBase="C:/gitWorkspace/01.Dev/Output/.NET/Debug/ConnectPlus.ClientContact.Services.Tests.DLL" adapterTypeName="Microsoft.VisualStudio.TestTools.TestTypes.Unit.UnitTestAdapter, Microsoft.VisualStudio.QualityTools.Tips.UnitTest.Adapter, Version=10.0.0.0, Culture=neutral, PublicKeyToken=b03f5f7f11d50a3a" className="ConnectPlus.ClientContact.Services.Tests.Specifications.CommandProcessors.UpsertClientCommandProcessorSpecification+When_all_preconditions_are_met+When_the_client_exists+When_the_client_is_not_root_level_and_the_parent_has_changed, ConnectPlus.ClientContact.Services.Tests, Version=1.0.0.0, Culture=neutral, PublicKeyToken=null" name="Should_update_the_clients_country" />
    </UnitTest>
    <UnitTest name="CanCorrectlyMapContactPhone" storage="c:\gitworkspace\01.dev\output\.net\debug\connectplus.crm.dataaccess.tests.dll" id="62b84f88-a035-998a-f6d5-8e9f3ac1e994">
      <Execution id="6ad154cf-d94a-4526-8529-7b69c1b4c2fc" />
      <TestMethod codeBase="C:/gitWorkspace/01.Dev/Output/.NET/Debug/ConnectPlus.CRM.DataAccess.Tests.DLL" adapterTypeName="Microsoft.VisualStudio.TestTools.TestTypes.Unit.UnitTestAdapter, Microsoft.VisualStudio.QualityTools.Tips.UnitTest.Adapter, Version=10.0.0.0, Culture=neutral, PublicKeyToken=b03f5f7f11d50a3a" className="ConnectPlus.CRM.DataAccess.Tests.ClassMappingTests, ConnectPlus.CRM.DataAccess.Tests, Version=1.0.0.0, Culture=neutral, PublicKeyToken=null" name="CanCorrectlyMapContactPhone" />
    </UnitTest>
    <UnitTest name="Should_update_revision" storage="c:\gitworkspace\01.dev\output\.net\debug\connectplus.clientcontact.services.tests.dll" id="2858c01e-4afb-3265-75a4-3bff9bf34be0">
      <TestCategory>
        <TestCategoryItem TestCategory="Unit Test" />
      </TestCategory>
      <Execution id="9e808743-41fb-4950-aa4f-547e08219f0c" />
      <TestMethod codeBase="C:/gitWorkspace/01.Dev/Output/.NET/Debug/ConnectPlus.ClientContact.Services.Tests.DLL" adapterTypeName="Microsoft.VisualStudio.TestTools.TestTypes.Unit.UnitTestAdapter, Microsoft.VisualStudio.QualityTools.Tips.UnitTest.Adapter, Version=10.0.0.0, Culture=neutral, PublicKeyToken=b03f5f7f11d50a3a" className="ConnectPlus.ClientContact.Services.Tests.Specifications.CommandProcessors.ClientCommandProcessorSpecification+When_the_command_is_out_of_date, ConnectPlus.ClientContact.Services.Tests, Version=1.0.0.0, Culture=neutral, PublicKeyToken=null" name="Should_update_revision" />
    </UnitTest>
    <UnitTest name="SortBy_And_GroupBy_And_PreferredListId_Fields_Are_Populated_From_List_Preference" storage="c:\gitworkspace\01.dev\output\.net\debug\connectplus.clientcontact.services.tests.dll" id="33d0d333-5bbc-9e66-c758-d01f0d4343b2">
      <Execution id="f17dfc52-178c-4124-a64e-d2e1482673cb" />
      <TestMethod codeBase="C:/gitWorkspace/01.Dev/Output/.NET/Debug/ConnectPlus.ClientContact.Services.Tests.DLL" adapterTypeName="Microsoft.VisualStudio.TestTools.TestTypes.Unit.UnitTestAdapter, Microsoft.VisualStudio.QualityTools.Tips.UnitTest.Adapter, Version=10.0.0.0, Culture=neutral, PublicKeyToken=b03f5f7f11d50a3a" className="ConnectPlus.ClientContact.Services.Tests.Queries.SearchQueryFixture+When_Searching_By_List, ConnectPlus.ClientContact.Services.Tests, Version=1.0.0.0, Culture=neutral, PublicKeyToken=null" name="SortBy_And_GroupBy_And_PreferredListId_Fields_Are_Populated_From_List_Preference" />
    </UnitTest>
    <UnitTest name="Constructor_should_require_subsector" storage="c:\gitworkspace\01.dev\output\.net\debug\connectplus.clientcontact.domain.tests.dll" id="34df9754-70d6-40c2-30b2-f3f145e6f992">
      <TestCategory>
        <TestCategoryItem TestCategory="Unit Test" />
      </TestCategory>
      <Execution id="a6aca00b-5fc5-42f6-895f-01d828adaaaa" />
      <TestMethod codeBase="C:/gitWorkspace/01.Dev/Output/.NET/Debug/ConnectPlus.ClientContact.Domain.Tests.DLL" adapterTypeName="Microsoft.VisualStudio.TestTools.TestTypes.Unit.UnitTestAdapter, Microsoft.VisualStudio.QualityTools.Tips.UnitTest.Adapter, Version=10.0.0.0, Culture=neutral, PublicKeyToken=b03f5f7f11d50a3a" className="ConnectPlus.ClientContact.Domain.Tests.Specifications.ClientSpecification+Preconditions, ConnectPlus.ClientContact.Domain.Tests, Version=1.0.0.0, Culture=neutral, PublicKeyToken=null" name="Constructor_should_require_subsector" />
    </UnitTest>
    <UnitTest name="CanCorrectlyMapUser" storage="c:\gitworkspace\01.dev\output\.net\debug\connectplus.crm.dataaccess.tests.dll" id="076f2e28-88c6-2216-bf95-892014f10d2b">
      <Execution id="b3dd50a2-6404-47dd-80b7-618524c35d4c" />
      <TestMethod codeBase="C:/gitWorkspace/01.Dev/Output/.NET/Debug/ConnectPlus.CRM.DataAccess.Tests.DLL" adapterTypeName="Microsoft.VisualStudio.TestTools.TestTypes.Unit.UnitTestAdapter, Microsoft.VisualStudio.QualityTools.Tips.UnitTest.Adapter, Version=10.0.0.0, Culture=neutral, PublicKeyToken=b03f5f7f11d50a3a" className="ConnectPlus.CRM.DataAccess.Tests.ClassMappingTests, ConnectPlus.CRM.DataAccess.Tests, Version=1.0.0.0, Culture=neutral, PublicKeyToken=null" name="CanCorrectlyMapUser" />
    </UnitTest>
    <UnitTest name="When_Search_And_Word_Is_Hyphenated" storage="c:\gitworkspace\01.dev\output\.net\debug\connectplus.crm.dataaccess.tests.dll" id="7ac3be72-d42d-f3d8-5872-fece10efe1af">
      <Execution id="c6c23a8f-1119-4454-a78e-9c7134ea4e99" />
      <TestMethod codeBase="C:/gitWorkspace/01.Dev/Output/.NET/Debug/ConnectPlus.CRM.DataAccess.Tests.DLL" adapterTypeName="Microsoft.VisualStudio.TestTools.TestTypes.Unit.UnitTestAdapter, Microsoft.VisualStudio.QualityTools.Tips.UnitTest.Adapter, Version=10.0.0.0, Culture=neutral, PublicKeyToken=b03f5f7f11d50a3a" className="ConnectPlus.CRM.DataAccess.Tests.Repositories.ContactRepositoryTests, ConnectPlus.CRM.DataAccess.Tests, Version=1.0.0.0, Culture=neutral, PublicKeyToken=null" name="When_Search_And_Word_Is_Hyphenated" />
    </UnitTest>
    <UnitTest name="When_tier_list_has_values_has_values_is_true" storage="c:\gitworkspace\01.dev\output\.net\debug\connectplus.clientcontact.dataaccess.tests.dll" id="6520c630-d885-29be-9ee1-ee80dcfd00bf">
      <Execution id="6a133614-4bb9-4ae1-bb9f-dd512208f62d" />
      <TestMethod codeBase="C:/gitWorkspace/01.Dev/Output/.NET/Debug/ConnectPlus.ClientContact.DataAccess.Tests.DLL" adapterTypeName="Microsoft.VisualStudio.TestTools.TestTypes.Unit.UnitTestAdapter, Microsoft.VisualStudio.QualityTools.Tips.UnitTest.Adapter, Version=10.0.0.0, Culture=neutral, PublicKeyToken=b03f5f7f11d50a3a" className="ConnectPlus.ClientContact.DataAccess.Tests.Mapping.ClientMappingTests, ConnectPlus.ClientContact.DataAccess.Tests, Version=1.0.0.0, Culture=neutral, PublicKeyToken=null" name="When_tier_list_has_values_has_values_is_true" />
    </UnitTest>
    <UnitTest name="Should_require_tier_id" storage="c:\gitworkspace\01.dev\output\.net\debug\connectplus.clientcontact.messaging.contracts.tests.dll" id="473fea89-99b0-926d-6499-f29388a334f8">
      <TestCategory>
        <TestCategoryItem TestCategory="Unit Test" />
      </TestCategory>
      <Execution id="dd276fe0-4a20-4cc0-8e57-83720ec9f1b5" />
      <TestMethod codeBase="C:/gitWorkspace/01.Dev/Output/.NET/Debug/ConnectPlus.ClientContact.Messaging.Contracts.Tests.DLL" adapterTypeName="Microsoft.VisualStudio.TestTools.TestTypes.Unit.UnitTestAdapter, Microsoft.VisualStudio.QualityTools.Tips.UnitTest.Adapter, Version=10.0.0.0, Culture=neutral, PublicKeyToken=b03f5f7f11d50a3a" className="ConnectPlus.ClientContact.Messaging.Contracts.Tests.Specifications.TierValueMessageSpecification, ConnectPlus.ClientContact.Messaging.Contracts.Tests, Version=1.0.0.0, Culture=neutral, PublicKeyToken=null" name="Should_require_tier_id" />
    </UnitTest>
    <UnitTest name="Can_create_tier_group" storage="c:\gitworkspace\01.dev\output\.net\debug\connectplus.clientcontact.integrationtests.dll" id="5726fd70-ee6a-656e-127f-a2518648fb97">
      <Execution id="191acb30-72d1-440f-8bf0-e223dfd5bb5b" />
      <TestMethod codeBase="C:/gitWorkspace/01.Dev/Output/.NET/Debug/ConnectPlus.ClientContact.IntegrationTests.DLL" adapterTypeName="Microsoft.VisualStudio.TestTools.TestTypes.Unit.UnitTestAdapter, Microsoft.VisualStudio.QualityTools.Tips.UnitTest.Adapter, Version=10.0.0.0, Culture=neutral, PublicKeyToken=b03f5f7f11d50a3a" className="ConnectPlus.ClientContact.IntegrationTests.MessagesIntegrationTests, ConnectPlus.ClientContact.IntegrationTests, Version=1.0.0.0, Culture=neutral, PublicKeyToken=null" name="Can_create_tier_group" />
    </UnitTest>
    <UnitTest name="Can_map_version" storage="c:\gitworkspace\01.dev\output\.net\debug\connectplus.clientcontact.dataaccess.tests.dll" id="51e4d716-5f95-45d2-7284-edcea2930cd2">
      <Execution id="05bad38c-7e7d-4ec5-9c40-f3609c90801d" />
      <TestMethod codeBase="C:/gitWorkspace/01.Dev/Output/.NET/Debug/ConnectPlus.ClientContact.DataAccess.Tests.DLL" adapterTypeName="Microsoft.VisualStudio.TestTools.TestTypes.Unit.UnitTestAdapter, Microsoft.VisualStudio.QualityTools.Tips.UnitTest.Adapter, Version=10.0.0.0, Culture=neutral, PublicKeyToken=b03f5f7f11d50a3a" className="ConnectPlus.ClientContact.DataAccess.Tests.Mapping.ClientMappingTests, ConnectPlus.ClientContact.DataAccess.Tests, Version=1.0.0.0, Culture=neutral, PublicKeyToken=null" name="Can_map_version" />
    </UnitTest>
    <UnitTest name="Should_check_if_the_sector_exists" storage="c:\gitworkspace\01.dev\output\.net\debug\connectplus.clientcontact.services.tests.dll" id="eaad255e-963e-ef2b-ed8e-83ec6fefba83">
      <TestCategory>
        <TestCategoryItem TestCategory="Specification" />
      </TestCategory>
      <Execution id="50980f6f-fddb-4785-8395-ed279abf89ef" />
      <TestMethod codeBase="C:/gitWorkspace/01.Dev/Output/.NET/Debug/ConnectPlus.ClientContact.Services.Tests.DLL" adapterTypeName="Microsoft.VisualStudio.TestTools.TestTypes.Unit.UnitTestAdapter, Microsoft.VisualStudio.QualityTools.Tips.UnitTest.Adapter, Version=10.0.0.0, Culture=neutral, PublicKeyToken=b03f5f7f11d50a3a" className="ConnectPlus.ClientContact.Services.Tests.Specifications.CommandProcessors.UpsertSectorCommandProcessorSpecification, ConnectPlus.ClientContact.Services.Tests, Version=1.0.0.0, Culture=neutral, PublicKeyToken=null" name="Should_check_if_the_sector_exists" />
    </UnitTest>
    <UnitTest name="Constructor_should_require_non_null_description" storage="c:\gitworkspace\01.dev\output\.net\debug\connectplus.clientcontact.domain.tests.dll" id="103409b4-20fe-50b6-4ba7-7007b33a4dfc">
      <TestCategory>
        <TestCategoryItem TestCategory="Unit Test" />
      </TestCategory>
      <Execution id="9240b0db-569a-4651-b579-6d6a57483627" />
      <TestMethod codeBase="C:/gitWorkspace/01.Dev/Output/.NET/Debug/ConnectPlus.ClientContact.Domain.Tests.DLL" adapterTypeName="Microsoft.VisualStudio.TestTools.TestTypes.Unit.UnitTestAdapter, Microsoft.VisualStudio.QualityTools.Tips.UnitTest.Adapter, Version=10.0.0.0, Culture=neutral, PublicKeyToken=b03f5f7f11d50a3a" className="ConnectPlus.ClientContact.Domain.Tests.Specifications.SectorSpecification+Preconditions, ConnectPlus.ClientContact.Domain.Tests, Version=1.0.0.0, Culture=neutral, PublicKeyToken=null" name="Constructor_should_require_non_null_description" />
    </UnitTest>
    <UnitTest name="CanCorrectlyMapTeam" storage="c:\gitworkspace\01.dev\output\.net\debug\connectplus.crm.dataaccess.tests.dll" id="520f64a6-b54f-208a-8345-90ee07788f7b">
      <Execution id="475ed2c2-ad2c-4b38-86e3-344f88777ed1" />
      <TestMethod codeBase="C:/gitWorkspace/01.Dev/Output/.NET/Debug/ConnectPlus.CRM.DataAccess.Tests.DLL" adapterTypeName="Microsoft.VisualStudio.TestTools.TestTypes.Unit.UnitTestAdapter, Microsoft.VisualStudio.QualityTools.Tips.UnitTest.Adapter, Version=10.0.0.0, Culture=neutral, PublicKeyToken=b03f5f7f11d50a3a" className="ConnectPlus.CRM.DataAccess.Tests.ClassMappingTests, ConnectPlus.CRM.DataAccess.Tests, Version=1.0.0.0, Culture=neutral, PublicKeyToken=null" name="CanCorrectlyMapTeam" />
    </UnitTest>
    <UnitTest name="Can_map_tier_group" storage="c:\gitworkspace\01.dev\output\.net\debug\connectplus.clientcontact.dataaccess.tests.dll" id="e33e783f-67a8-68c9-865c-b00138590e3a">
      <Execution id="e7863d1e-181a-4c17-9ac5-0e60777e9544" />
      <TestMethod codeBase="C:/gitWorkspace/01.Dev/Output/.NET/Debug/ConnectPlus.ClientContact.DataAccess.Tests.DLL" adapterTypeName="Microsoft.VisualStudio.TestTools.TestTypes.Unit.UnitTestAdapter, Microsoft.VisualStudio.QualityTools.Tips.UnitTest.Adapter, Version=10.0.0.0, Culture=neutral, PublicKeyToken=b03f5f7f11d50a3a" className="ConnectPlus.ClientContact.DataAccess.Tests.Mapping.ClientMappingTests, ConnectPlus.ClientContact.DataAccess.Tests, Version=1.0.0.0, Culture=neutral, PublicKeyToken=null" name="Can_map_tier_group" />
    </UnitTest>
    <UnitTest name="Should_pass_validation_when_all_preconditions_are_met" storage="c:\gitworkspace\01.dev\output\.net\debug\connectplus.clientcontact.messaging.contracts.tests.dll" id="afadb058-1a64-056d-1ba0-85d5bbb66d45">
      <TestCategory>
        <TestCategoryItem TestCategory="Unit Test" />
      </TestCategory>
      <Execution id="965d0552-fb0c-4f2c-adee-faa57b49e8e5" />
      <TestMethod codeBase="C:/gitWorkspace/01.Dev/Output/.NET/Debug/ConnectPlus.ClientContact.Messaging.Contracts.Tests.DLL" adapterTypeName="Microsoft.VisualStudio.TestTools.TestTypes.Unit.UnitTestAdapter, Microsoft.VisualStudio.QualityTools.Tips.UnitTest.Adapter, Version=10.0.0.0, Culture=neutral, PublicKeyToken=b03f5f7f11d50a3a" className="ConnectPlus.ClientContact.Messaging.Contracts.Tests.Specifications.TierValueMessageSpecification, ConnectPlus.ClientContact.Messaging.Contracts.Tests, Version=1.0.0.0, Culture=neutral, PublicKeyToken=null" name="Should_pass_validation_when_all_preconditions_are_met" />
    </UnitTest>
    <UnitTest name="Should_not_require_created_date" storage="c:\gitworkspace\01.dev\output\.net\debug\connectplus.clientcontact.messaging.contracts.tests.dll" id="0784808d-4842-0beb-a118-4ede96646df8">
      <TestCategory>
        <TestCategoryItem TestCategory="Unit Test" />
      </TestCategory>
      <Execution id="c03c5adb-5012-405c-9449-167ac5701d77" />
      <TestMethod codeBase="C:/gitWorkspace/01.Dev/Output/.NET/Debug/ConnectPlus.ClientContact.Messaging.Contracts.Tests.DLL" adapterTypeName="Microsoft.VisualStudio.TestTools.TestTypes.Unit.UnitTestAdapter, Microsoft.VisualStudio.QualityTools.Tips.UnitTest.Adapter, Version=10.0.0.0, Culture=neutral, PublicKeyToken=b03f5f7f11d50a3a" className="ConnectPlus.ClientContact.Messaging.Contracts.Tests.Specifications.StaticMasterEntitySpecifications, ConnectPlus.ClientContact.Messaging.Contracts.Tests, Version=1.0.0.0, Culture=neutral, PublicKeyToken=null" name="Should_not_require_created_date" />
    </UnitTest>
    <UnitTest name="Can_map_tier_list" storage="c:\gitworkspace\01.dev\output\.net\debug\connectplus.clientcontact.dataaccess.tests.dll" id="82f3fa5f-9f25-0ab1-d461-08293a05c12f">
      <Execution id="47092991-0cb7-4dab-aa22-51763a6aa5b6" />
      <TestMethod codeBase="C:/gitWorkspace/01.Dev/Output/.NET/Debug/ConnectPlus.ClientContact.DataAccess.Tests.DLL" adapterTypeName="Microsoft.VisualStudio.TestTools.TestTypes.Unit.UnitTestAdapter, Microsoft.VisualStudio.QualityTools.Tips.UnitTest.Adapter, Version=10.0.0.0, Culture=neutral, PublicKeyToken=b03f5f7f11d50a3a" className="ConnectPlus.ClientContact.DataAccess.Tests.Mapping.ClientMappingTests, ConnectPlus.ClientContact.DataAccess.Tests, Version=1.0.0.0, Culture=neutral, PublicKeyToken=null" name="Can_map_tier_list" />
    </UnitTest>
    <UnitTest name="Ctor_should_require_non_null_addresses" storage="c:\gitworkspace\01.dev\output\.net\debug\connectplus.clientcontact.domain.tests.dll" id="97e5e7d4-ac54-cebe-86b4-00d02e6561cd">
      <TestCategory>
        <TestCategoryItem TestCategory="Unit Test" />
      </TestCategory>
      <Execution id="4085bcbe-8b34-41ad-a30d-40160dccd652" />
      <TestMethod codeBase="C:/gitWorkspace/01.Dev/Output/.NET/Debug/ConnectPlus.ClientContact.Domain.Tests.DLL" adapterTypeName="Microsoft.VisualStudio.TestTools.TestTypes.Unit.UnitTestAdapter, Microsoft.VisualStudio.QualityTools.Tips.UnitTest.Adapter, Version=10.0.0.0, Culture=neutral, PublicKeyToken=b03f5f7f11d50a3a" className="ConnectPlus.ClientContact.Domain.Tests.Specifications.ContactSpecification+Preconditions, ConnectPlus.ClientContact.Domain.Tests, Version=1.0.0.0, Culture=neutral, PublicKeyToken=null" name="Ctor_should_require_non_null_addresses" />
    </UnitTest>
    <UnitTest name="CanExecute" storage="c:\gitworkspace\01.dev\output\.net\debug\connectplus.clientcontact.services.tests.dll" id="e63ca40b-abca-79f7-7ac9-f89f5cfdf65f">
      <Execution id="90483f66-2e1e-414f-a972-2cffbbc7549b" />
      <TestMethod codeBase="C:/gitWorkspace/01.Dev/Output/.NET/Debug/ConnectPlus.ClientContact.Services.Tests.DLL" adapterTypeName="Microsoft.VisualStudio.TestTools.TestTypes.Unit.UnitTestAdapter, Microsoft.VisualStudio.QualityTools.Tips.UnitTest.Adapter, Version=10.0.0.0, Culture=neutral, PublicKeyToken=b03f5f7f11d50a3a" className="ConnectPlus.ClientContact.Services.Tests.Queries.TierListByUserQueryFixture, ConnectPlus.ClientContact.Services.Tests, Version=1.0.0.0, Culture=neutral, PublicKeyToken=null" name="CanExecute" />
    </UnitTest>
    <UnitTest name="Should_persist_the_subsector" storage="c:\gitworkspace\01.dev\output\.net\debug\connectplus.clientcontact.services.tests.dll" id="98dd6185-24d5-2a62-cefd-f9aa656dc6ef">
      <TestCategory>
        <TestCategoryItem TestCategory="Specification" />
      </TestCategory>
      <Execution id="462a5ac4-607b-4d5b-8847-ec2ddf673a49" />
[...]
      <Output>
        <StdOut>NHibernate: 
    DECLARE @textSearch NVARCHAR(4000), @modSince DATETIME    SELECT
        @textSearch = @p0,
        @modSince = @p1    SELECT
            cc.ContactId as ContactId8_0_,
            cc.ClientName as ClientName8_0_,
            cc.ClientSalesForceId as ClientSa3_8_0_,
            cc.ClientSDMId as ClientSD4_8_0_,
            cc.FirstName as FirstName8_0_,
            cc.LastName as LastName8_0_,
            cc.Role as Role8_0_,
            cc.SalesForceId as SalesFor8_8_0_,
            cc.ClientTier as ClientTier8_0_,
            cc.AccountManagers as Account10_8_0_,
            cc.UserLastContactedDate as UserLas11_8_0_,
            cc.TeamLastContactedDate as TeamLas12_8_0_,
            cc.HasPendingCSR as HasPend13_8_0_,
            cc.UpdateDate as UpdateDate8_0_  
        FROM
            v_ContactSearch cs   
        JOIN
            CONTAINSTABLE(dbo.v_ContactSearch, Searchtext, @textSearch) t 
                ON cs.ContactId = t.[KEY]   
        JOIN
            v_ContactCard cc 
                on CS.ContactId = cc.ContactId     
        WHERE
            cs.IsActive = 1                
        ORDER BY
            cc.LastName;
    @p0 = '"Bank*" AND "Milton*" AND "James*"' [Type: String (4000)],
    @p1 = NULL [Type: DateTime (0)]</StdOut>
      </Output>
    </UnitTestResult>
    <UnitTestResult executionId="29bdfcfe-6342-4e93-b713-efd91e6768be" testId="f15aa90e-436b-1652-6b49-2bc3f3ff65fa" testName="Should_create_a_delete_command_processor" computerName="LONMW86693" duration="00:00:00.0003787" startTime="2011-09-14T16:00:24.3379215+01:00" endTime="2011-09-14T16:00:24.3379215+01:00" testType="13cdc9d9-ddb5-4fa4-a97d-d965ccfc6d4b" outcome="Passed" testListId="8c84fa94-04c1-424b-9868-57a2d4851a1d" relativeResultsDirectory="29bdfcfe-6342-4e93-b713-efd91e6768be">
    </UnitTestResult>
    <UnitTestResult executionId="c4b18af1-5e4d-48c7-84ab-e7047ba835be" testId="f1b9ea5f-34df-02e3-6f4b-2e7344c56e79" testName="Should_update_revision" computerName="LONMW86693" duration="00:00:00.0010939" startTime="2011-09-14T16:00:24.3379215+01:00" endTime="2011-09-14T16:00:24.3379215+01:00" testType="13cdc9d9-ddb5-4fa4-a97d-d965ccfc6d4b" outcome="Passed" testListId="8c84fa94-04c1-424b-9868-57a2d4851a1d" relativeResultsDirectory="c4b18af1-5e4d-48c7-84ab-e7047ba835be">
      <Output>
        <StdOut>ConnectPlus.ClientContact.DataAccess.ExpiredRevisionException: Exception of type 'ConnectPlus.ClientContact.DataAccess.ExpiredRevisionException' was thrown.
   at Rhino.Mocks.Expectations.AbstractExpectation.ReturnOrThrow(IInvocation invocation, Object[] args)
   at Rhino.Mocks.Impl.StubReplayMockState.DoMethodCall(IInvocation invocation, MethodInfo method, Object[] args)
   at Rhino.Mocks.Impl.ReplayMockState.MethodCall(IInvocation invocation, MethodInfo method, Object[] args)
   at Rhino.Mocks.MockRepository.MethodCall(IInvocation invocation, Object proxy, MethodInfo method, Object[] args)
   at Rhino.Mocks.Impl.RhinoInterceptor.Intercept(IInvocation invocation)
   at Castle.DynamicProxy.AbstractInvocation.Proceed()
   at IRevisionServiceProxy67b1ac65399a4e3f83782d9110c8aec9.UpdateRevision[TKey](IAmVersioned`1 revision)
   at ConnectPlus.ClientContact.SDM.Services.Commands.Processors.SectorCommandProcessor.Execute(SectorCommand command) in C:\gitWorkspace\01.Dev\Source\Server\ConnectPlus.ClientContact.SDM.Services\Commands\Processors\SectorCommandProcessor.cs:line 50</StdOut>
      </Output>
    </UnitTestResult>
    <UnitTestResult executionId="bd424b43-4957-4088-abd6-5c3a1b8b2521" testId="f21977c2-aec1-6e6e-3d1a-d3528baa6270" testName="Can_update_child_sdmClient" computerName="LONMW86693" duration="00:00:00.0130446" startTime="2011-09-14T16:00:24.3535470+01:00" endTime="2011-09-14T16:00:24.3691725+01:00" testType="13cdc9d9-ddb5-4fa4-a97d-d965ccfc6d4b" outcome="Passed" testListId="8c84fa94-04c1-424b-9868-57a2d4851a1d" relativeResultsDirectory="bd424b43-4957-4088-abd6-5c3a1b8b2521">
      <Output>
        <StdOut>NHibernate: 
    SELECT
        sdmclient0_.ClientId as ClientId13_0_,
        sdmclient0_.SDMId as SDMId13_0_,
        sdmclient0_.Name as Name13_0_,
        sdmclient0_.CisCode as CisCode13_0_,
        sdmclient0_.CountryId as CountryId13_0_,
        sdmclient0_.ClientSubsectorId as ClientSu6_13_0_,
        sdmclient0_.DefaultLevel as DefaultL7_13_0_,
        sdmclient0_.ParentClientId as ParentCl8_13_0_ 
    FROM
        dbo.Client sdmclient0_ 
    WHERE
        sdmclient0_.ClientId=@p0;
    @p0 = 10063149 [Type: Int32 (0)]
NHibernate: 
    SELECT
        country0_.CountryId as CountryId7_0_,
        country0_.ISO2 as ISO2_7_0_,
        country0_.CountryCode as CountryC3_7_0_,
        country0_.Name as Name7_0_,
        country0_.PrimaryCurrency as PrimaryC5_7_0_ 
    FROM
        dbo.[Country] country0_ 
    WHERE
        country0_.CountryId=@p0;
    @p0 = 2314 [Type: Int32 (0)]
NHibernate: 
    SELECT
        clientsubs0_.ClientSubsectorId as ClientSu1_2_0_,
        clientsubs0_.SDMId as SDMId2_0_,
        clientsubs0_.Description as Descript3_2_0_,
        clientsubs0_.ClientSectorId as ClientSe4_2_0_ 
    FROM
        dbo.[ClientSubsector] clientsubs0_ 
    WHERE
        clientsubs0_.ClientSubsectorId=@p0;
    @p0 = 1322 [Type: Int32 (0)]
NHibernate: 
    SELECT
        sdmclient0_.ClientId as ClientId13_0_,
        sdmclient0_.SDMId as SDMId13_0_,
        sdmclient0_.Name as Name13_0_,
        sdmclient0_.CisCode as CisCode13_0_,
        sdmclient0_.CountryId as CountryId13_0_,
        sdmclient0_.ClientSubsectorId as ClientSu6_13_0_,
        sdmclient0_.DefaultLevel as DefaultL7_13_0_,
        sdmclient0_.ParentClientId as ParentCl8_13_0_ 
    FROM
        dbo.Client sdmclient0_ 
    WHERE
        sdmclient0_.ClientId=@p0;
    @p0 = 10063231 [Type: Int32 (0)]</StdOut>
      </Output>
    </UnitTestResult>
    <UnitTestResult executionId="31b32744-55ea-490b-85a9-5a64a2ec1b3d" testId="f247ccc0-306b-9ba7-27b6-5d9c35c19b0e" testName="Should_rank_as_3" computerName="LONMW86693" duration="00:00:00.0057709" startTime="2011-09-14T16:00:24.3847980+01:00" endTime="2011-09-14T16:00:24.3847980+01:00" testType="13cdc9d9-ddb5-4fa4-a97d-d965ccfc6d4b" outcome="Passed" testListId="8c84fa94-04c1-424b-9868-57a2d4851a1d" relativeResultsDirectory="31b32744-55ea-490b-85a9-5a64a2ec1b3d">
    </UnitTestResult>
    <UnitTestResult executionId="3d3ce100-6c2a-461b-a0b2-986491afd647" testId="f27d0682-2317-e070-66ed-efac09fa4930" testName="Can_create_tier_list" computerName="LONMW86693" duration="00:00:00.1606939" startTime="2011-09-14T16:00:24.4004235+01:00" endTime="2011-09-14T16:00:24.5566785+01:00" testType="13cdc9d9-ddb5-4fa4-a97d-d965ccfc6d4b" outcome="Passed" testListId="8c84fa94-04c1-424b-9868-57a2d4851a1d" relativeResultsDirectory="3d3ce100-6c2a-461b-a0b2-986491afd647">
      <Output>
        <StdOut>NHibernate: 
    SELECT
        this_.CommandVersionId as CommandV1_438_0_,
        this_.[Key] as column2_438_0_,
        this_.TypeName as TypeName438_0_,
        this_.VersionNumber as VersionN4_438_0_ 
    FROM
        dbo.CommandVersion this_ 
    WHERE
        (
            this_.TypeName = @p0 
            and this_.[Key] = @p1
        );
    @p0 = 'ConnectPlus.ClientContact.SDM.Services.Commands.TierGroupCommand' [Type: String (4000)], @p1 = '3' [Type: String (4000)]
NHibernate: 
    INSERT 
    INTO
        dbo.CommandVersion
        ([Key], TypeName, VersionNumber) 
    VALUES
        (@p0, @p1, @p2);
    select
        SCOPE_IDENTITY();
    @p0 = '3' [Type: String (4000)],
    @p1 = 'ConnectPlus.ClientContact.SDM.Services.Commands.TierGroupCommand' [Type: String (4000)],
    @p2 = 1 [Type: Int32 (0)]
NHibernate: 
    SELECT
        this_.ClientPriorityGroupId as ClientPr1_435_0_,
        this_.SDMId as SDMId435_0_,
        this_.Description as Descript3_435_0_,
        this_.IsActive as IsActive435_0_ 
    FROM
        dbo.ClientPriorityGroup this_ 
    WHERE
        (
            this_.SDMId = @p0
        );
    @p0 = 3 [Type: Int64 (0)]
NHibernate: 
    SELECT
        this_.ClientPriorityListId as ClientPr1_436_0_,
        this_.SDMId as SDMId436_0_,
        this_.Description as Descript3_436_0_,
        this_.IsActive as IsActive436_0_,
        this_.ClientPriorityGroupId as ClientPr5_436_0_ 
    FROM
        dbo.ClientPriorityList this_ 
    WHERE
        (
            this_.SDMId = @p0
        );
    @p0 = 4 [Type: Int64 (0)]
NHibernate: 
    SELECT
        this_.ClientPriorityGroupId as ClientPr1_435_0_,
        this_.SDMId as SDMId435_0_,
        this_.Description as Descript3_435_0_,
        this_.IsActive as IsActive435_0_ 
    FROM
        dbo.ClientPriorityGroup this_ 
    WHERE
        (
            this_.SDMId = @p0
        );
    @p0 = 3 [Type: Int64 (0)]
NHibernate: 
    SELECT
        this_.ClientPriorityListId as ClientPr1_51_0_,
        this_.SDMId as SDMId51_0_,
        this_.Description as Descript3_51_0_,
        this_.IsActive as IsActive51_0_,
        this_.ClientPriorityGroupId as ClientPr5_51_0_ 
    FROM
        dbo.ClientPriorityList this_ 
    WHERE
        (
            this_.SDMId = @p0
        );
    @p0 = 4 [Type: Int64 (0)]</StdOut>
      </Output>
    </UnitTestResult>
    <UnitTestResult executionId="58fb503e-db8d-4aa7-b2c3-f8f3b713340c" testId="f2adad83-ea95-967c-7f15-b988c043e012" testName="Should_require_name" computerName="LONMW86693" duration="00:00:00.0003751" startTime="2011-09-14T16:00:24.5723040+01:00" endTime="2011-09-14T16:00:24.5723040+01:00" testType="13cdc9d9-ddb5-4fa4-a97d-d965ccfc6d4b" outcome="Passed" testListId="8c84fa94-04c1-424b-9868-57a2d4851a1d" relativeResultsDirectory="58fb503e-db8d-4aa7-b2c3-f8f3b713340c">
    </UnitTestResult>
    <UnitTestResult executionId="f70fab19-1b8c-472f-a5d4-1d631a4a2039" testId="f2d7334b-b069-8be5-1189-eab742d9ebb4" testName="Ctor_should_require_number" computerName="LONMW86693" duration="00:00:00.0002889" startTime="2011-09-14T16:00:24.5879295+01:00" endTime="2011-09-14T16:00:24.5879295+01:00" testType="13cdc9d9-ddb5-4fa4-a97d-d965ccfc6d4b" outcome="Passed" testListId="8c84fa94-04c1-424b-9868-57a2d4851a1d" relativeResultsDirectory="f70fab19-1b8c-472f-a5d4-1d631a4a2039">
    </UnitTestResult>
    <UnitTestResult executionId="94799455-ea02-4fef-987f-7589ecb08d56" testId="f42fabb4-8bb4-8a29-4a9f-7a698c663137" testName="Should_update_the_clients_cis_code" computerName="LONMW86693" duration="00:00:00.0019055" startTime="2011-09-14T16:00:24.5879295+01:00" endTime="2011-09-14T16:00:24.5879295+01:00" testType="13cdc9d9-ddb5-4fa4-a97d-d965ccfc6d4b" outcome="Passed" testListId="8c84fa94-04c1-424b-9868-57a2d4851a1d" relativeResultsDirectory="94799455-ea02-4fef-987f-7589ecb08d56">
    </UnitTestResult>
    <UnitTestResult executionId="404a0540-c460-4c64-a3e6-e60e6b39caaa" testId="f4bc49ab-31a2-9136-a3c4-4eeebdaa568d" testName="Should_require_subsector_id" computerName="LONMW86693" duration="00:00:00.0004068" startTime="2011-09-14T16:00:24.5879295+01:00" endTime="2011-09-14T16:00:24.5879295+01:00" testType="13cdc9d9-ddb5-4fa4-a97d-d965ccfc6d4b" outcome="Passed" testListId="8c84fa94-04c1-424b-9868-57a2d4851a1d" relativeResultsDirectory="404a0540-c460-4c64-a3e6-e60e6b39caaa">
    </UnitTestResult>
    <UnitTestResult executionId="6a3ae4ab-0b4c-4048-9866-3a888bfef310" testId="f4cd8473-d5bd-b7ed-1376-fc7bd6b7a1c9" testName="Should_retrieve_the_tier_list" computerName="LONMW86693" duration="00:00:00.0009228" startTime="2011-09-14T16:00:24.6035550+01:00" endTime="2011-09-14T16:00:24.6035550+01:00" testType="13cdc9d9-ddb5-4fa4-a97d-d965ccfc6d4b" outcome="Passed" testListId="8c84fa94-04c1-424b-9868-57a2d4851a1d" relativeResultsDirectory="6a3ae4ab-0b4c-4048-9866-3a888bfef310">
    </UnitTestResult>
    <UnitTestResult executionId="7a03a1b3-ea0a-4d22-a181-165fc442cdbe" testId="f57c0f74-23b0-beb1-adc8-8a26f7959159" testName="CanCorrectlyMapTeamType" computerName="LONMW86693" duration="00:00:00.0121952" startTime="2011-09-14T16:00:24.6191805+01:00" endTime="2011-09-14T16:00:24.6348060+01:00" testType="13cdc9d9-ddb5-4fa4-a97d-d965ccfc6d4b" outcome="Passed" testListId="8c84fa94-04c1-424b-9868-57a2d4851a1d" relativeResultsDirectory="7a03a1b3-ea0a-4d22-a181-165fc442cdbe">
      <Output>
        <StdOut>NHibernate: 
    SELECT
        teamtype0_.TeamTypeId as TeamTypeId27_0_,
        teamtype0_.CreateUserId as CreateUs2_27_0_,
        teamtype0_.CreateDate as CreateDate27_0_,
        teamtype0_.UpdateUserId as UpdateUs4_27_0_,
        teamtype0_.UpdateDate as UpdateDate27_0_,
        teamtype0_.Description as Descript6_27_0_,
        teamtype0_.IsActive as IsActive27_0_ 
    FROM
        dbo.[TeamType] teamtype0_ 
    WHERE
        teamtype0_.TeamTypeId=@p0;
    @p0 = 424 [Type: Int32 (0)]</StdOut>
      </Output>
    </UnitTestResult>
    <UnitTestResult executionId="9ff7e7b5-4e7a-467d-a2a5-5f96c54fece0" testId="f5864044-a378-7807-f1b5-a84a798cedac" testName="Should_throw_clientnotfoundexception" computerName="LONMW86693" duration="00:00:00.0011249" startTime="2011-09-14T16:00:24.6504315+01:00" endTime="2011-09-14T16:00:24.6504315+01:00" testType="13cdc9d9-ddb5-4fa4-a97d-d965ccfc6d4b" outcome="Passed" testListId="8c84fa94-04c1-424b-9868-57a2d4851a1d" relativeResultsDirectory="9ff7e7b5-4e7a-467d-a2a5-5f96c54fece0">
    </UnitTestResult>
    <UnitTestResult executionId="8e3b9f87-5ad1-4efb-aab3-b493a4ae85f2" testId="f5b879d0-e890-8930-5fc2-005bc69546c1" testName="Created_contact_event_is_published_to_the_bus" computerName="LONMW86693" duration="00:00:00.0389336" startTime="2011-09-14T16:00:24.6504315+01:00" endTime="2011-09-14T16:00:24.6973080+01:00" testType="13cdc9d9-ddb5-4fa4-a97d-d965ccfc6d4b" outcome="Passed" testListId="8c84fa94-04c1-424b-9868-57a2d4851a1d" relativeResultsDirectory="8e3b9f87-5ad1-4efb-aab3-b493a4ae85f2">
    </UnitTestResult>
    <UnitTestResult executionId="ef20ec71-57e1-4eac-bb4d-bc492a03d6cd" testId="f6225938-c810-5a3f-200e-3753db10863e" testName="Should_check_if_the_tier_value_exists" computerName="LONMW86693" duration="00:00:00.0007821" startTime="2011-09-14T16:00:24.6973080+01:00" endTime="2011-09-14T16:00:24.6973080+01:00" testType="13cdc9d9-ddb5-4fa4-a97d-d965ccfc6d4b" outcome="Passed" testListId="8c84fa94-04c1-424b-9868-57a2d4851a1d" relativeResultsDirectory="ef20ec71-57e1-4eac-bb4d-bc492a03d6cd">
    </UnitTestResult>
    <UnitTestResult executionId="b6c6f674-1422-4f0b-b0c2-e72096beb34e" testId="f7569089-0857-c976-0f23-9a66c681328c" testName="Invalid_email_address_throws_exception" computerName="LONMW86693" duration="00:00:00.0003506" startTime="2011-09-14T16:00:24.7129335+01:00" endTime="2011-09-14T16:00:24.7285590+01:00" testType="13cdc9d9-ddb5-4fa4-a97d-d965ccfc6d4b" outcome="Passed" testListId="8c84fa94-04c1-424b-9868-57a2d4851a1d" relativeResultsDirectory="b6c6f674-1422-4f0b-b0c2-e72096beb34e">
    </UnitTestResult>
    <UnitTestResult executionId="4a66ee3d-1777-4c86-a41a-9835a1024abf" testId="f879d08f-993d-09e0-12d7-309af3c6903c" testName="Should_set_the_isactive_flag_to_false" computerName="LONMW86693" duration="00:00:00.0003789" startTime="2011-09-14T16:00:24.7285590+01:00" endTime="2011-09-14T16:00:24.7285590+01:00" testType="13cdc9d9-ddb5-4fa4-a97d-d965ccfc6d4b" outcome="Passed" testListId="8c84fa94-04c1-424b-9868-57a2d4851a1d" relativeResultsDirectory="4a66ee3d-1777-4c86-a41a-9835a1024abf">
    </UnitTestResult>
    <UnitTestResult executionId="422209c8-f9ae-4ca1-9790-27a930e52242" testId="f96f1f19-d19e-bc12-04ef-964bfec69e6e" testName="Should_retrieve_the_sector" computerName="LONMW86693" duration="00:00:00.0009335" startTime="2011-09-14T16:00:24.7441845+01:00" endTime="2011-09-14T16:00:24.7598100+01:00" testType="13cdc9d9-ddb5-4fa4-a97d-d965ccfc6d4b" outcome="Passed" testListId="8c84fa94-04c1-424b-9868-57a2d4851a1d" relativeResultsDirectory="422209c8-f9ae-4ca1-9790-27a930e52242">
    </UnitTestResult>
    <UnitTestResult executionId="fcae54d7-8c7a-4392-91ec-7b45ead8a6e4" testId="fa7d993a-1ef7-1cc4-524a-0ae8788a2501" testName="Should_retrieve_the_current_version" computerName="LONMW86693" duration="00:00:00.0007022" startTime="2011-09-14T16:00:24.7754355+01:00" endTime="2011-09-14T16:00:24.7754355+01:00" testType="13cdc9d9-ddb5-4fa4-a97d-d965ccfc6d4b" outcome="Passed" testListId="8c84fa94-04c1-424b-9868-57a2d4851a1d" relativeResultsDirectory="fcae54d7-8c7a-4392-91ec-7b45ead8a6e4">
    </UnitTestResult>
    <UnitTestResult executionId="3e369934-f5bd-43db-935f-69237f74d03e" testId="fa9ecf12-504a-c719-dbab-bf93fe81301d" testName="Should_change_the_ciscode_to_the_given_value" computerName="LONMW86693" duration="00:00:00.0004464" startTime="2011-09-14T16:00:24.7754355+01:00" endTime="2011-09-14T16:00:24.7754355+01:00" testType="13cdc9d9-ddb5-4fa4-a97d-d965ccfc6d4b" outcome="Passed" testListId="8c84fa94-04c1-424b-9868-57a2d4851a1d" relativeResultsDirectory="3e369934-f5bd-43db-935f-69237f74d03e">
    </UnitTestResult>
    <UnitTestResult executionId="34a5687b-b7fb-4db1-a66c-8a8ea0eb4957" testId="fca999cf-ff57-8e60-c0e8-991b011af4ac" testName="Should_require_last_updated_date" computerName="LONMW86693" duration="00:00:00.0004026" startTime="2011-09-14T16:00:24.7910610+01:00" endTime="2011-09-14T16:00:24.7910610+01:00" testType="13cdc9d9-ddb5-4fa4-a97d-d965ccfc6d4b" outcome="Passed" testListId="8c84fa94-04c1-424b-9868-57a2d4851a1d" relativeResultsDirectory="34a5687b-b7fb-4db1-a66c-8a8ea0eb4957">
    </UnitTestResult>
    <UnitTestResult executionId="c1c0cb89-bcdf-442a-8953-061cea12f3eb" testId="fdf01b66-2668-75cf-6835-819c3e4a28da" testName="Constructor_should_require_client_sector" computerName="LONMW86693" duration="00:00:00.0002575" startTime="2011-09-14T16:00:24.7910610+01:00" endTime="2011-09-14T16:00:24.7910610+01:00" testType="13cdc9d9-ddb5-4fa4-a97d-d965ccfc6d4b" outcome="Passed" testListId="8c84fa94-04c1-424b-9868-57a2d4851a1d" relativeResultsDirectory="c1c0cb89-bcdf-442a-8953-061cea12f3eb">
    </UnitTestResult>
    <UnitTestResult executionId="a8c74d4f-737b-45df-9bd0-5c0261694545" testId="ff2313e2-7d1c-c729-a806-13c7de7efef0" testName="Should_check_if_the_tier_group_exists" computerName="LONMW86693" duration="00:00:00.0003829" startTime="2011-09-14T16:00:24.8066865+01:00" endTime="2011-09-14T16:00:24.8066865+01:00" testType="13cdc9d9-ddb5-4fa4-a97d-d965ccfc6d4b" outcome="Passed" testListId="8c84fa94-04c1-424b-9868-57a2d4851a1d" relativeResultsDirectory="a8c74d4f-737b-45df-9bd0-5c0261694545">
    </UnitTestResult>
    <UnitTestResult executionId="a62d957f-88f9-41d3-81ac-d0d8c88ce6d6" testId="ff7065ab-c530-c2e6-3657-a2c7b5c11517" testName="Should_pass_validation_when_all_preconditions_are_met" computerName="LONMW86693" duration="00:00:00.0000939" startTime="2011-09-14T16:00:24.8066865+01:00" endTime="2011-09-14T16:00:24.8066865+01:00" testType="13cdc9d9-ddb5-4fa4-a97d-d965ccfc6d4b" outcome="Passed" testListId="8c84fa94-04c1-424b-9868-57a2d4851a1d" relativeResultsDirectory="a62d957f-88f9-41d3-81ac-d0d8c88ce6d6">
    </UnitTestResult>
    <UnitTestResult executionId="c646b08c-6b68-432a-bfcc-b2b3d3fe2195" testId="ff809b06-d2f0-3880-0273-c452b5dbadea" testName="Should_update_revision" computerName="LONMW86693" duration="00:00:00.0007557" startTime="2011-09-14T16:00:24.8223120+01:00" endTime="2011-09-14T16:00:24.8223120+01:00" testType="13cdc9d9-ddb5-4fa4-a97d-d965ccfc6d4b" outcome="Passed" testListId="8c84fa94-04c1-424b-9868-57a2d4851a1d" relativeResultsDirectory="c646b08c-6b68-432a-bfcc-b2b3d3fe2195">
    </UnitTestResult>
  </Results>
</TestRun>